[07-Dec-19 12:21:46] WARNING in _internal:  * Debugger is active!
[07-Dec-19 12:21:46] INFO in _internal:  * Debugger PIN: 242-514-371
[07-Dec-19 22:22:16] INFO in _internal:  * Running on http://127.0.0.1:5000/ (Press CTRL+C to quit)
[07-Dec-19 22:22:16] INFO in _internal:  * Restarting with stat
[07-Dec-19 22:22:17] WARNING in _internal:  * Debugger is active!
[07-Dec-19 22:22:17] INFO in _internal:  * Debugger PIN: 326-217-879
[07-Dec-19 22:25:39] INFO in create_admin: Engineering Department Created
[07-Dec-19 22:25:39] INFO in create_admin: Finance Department Created
[07-Dec-19 22:25:39] INFO in create_admin: First Admin User Created
[07-Dec-19 22:25:39] INFO in create_admin: Second Admin User Created
[07-Dec-19 22:25:45] INFO in pre_populate_script: Hiring Manager 1 Created
[07-Dec-19 22:25:45] INFO in pre_populate_script: Recruiter Created
[07-Dec-19 22:25:45] INFO in pre_populate_script: Job 1 Created
[07-Dec-19 22:25:45] INFO in pre_populate_script: Job 2 Created
[07-Dec-19 22:25:45] INFO in pre_populate_script: Job 3 Created
[07-Dec-19 22:26:52] INFO in _internal:  * Running on http://0.0.0.0:80/ (Press CTRL+C to quit)
[07-Dec-19 22:26:52] INFO in _internal:  * Restarting with stat
[07-Dec-19 22:26:53] WARNING in _internal:  * Debugger is active!
[07-Dec-19 22:26:53] INFO in _internal:  * Debugger PIN: 326-217-879
[07-Dec-19 22:27:26] INFO in _internal: 71.202.17.154 - - [07/Dec/2019 22:27:26] "GET / HTTP/1.1" 200 -
[07-Dec-19 22:27:26] INFO in handler: Page Not Found
[07-Dec-19 22:27:26] INFO in _internal: 71.202.17.154 - - [07/Dec/2019 22:27:26] "GET /favicon.ico HTTP/1.1" 404 -
[07-Dec-19 22:28:07] INFO in _internal: 173.13.149.158 - - [07/Dec/2019 22:28:07] "GET / HTTP/1.1" 200 -
[07-Dec-19 22:28:08] INFO in handler: Page Not Found
[07-Dec-19 22:28:08] INFO in _internal: 173.13.149.158 - - [07/Dec/2019 22:28:08] "GET /favicon.ico HTTP/1.1" 404 -
[07-Dec-19 22:28:37] INFO in _internal: 173.13.149.158 - - [07/Dec/2019 22:28:37] "GET /login HTTP/1.1" 200 -
[07-Dec-19 22:28:58] INFO in _internal: 81.26.137.97 - - [07/Dec/2019 22:28:58] "GET / HTTP/1.1" 200 -
[07-Dec-19 22:29:07] DEBUG in views: Applicant marianne.paulson@sjsu.edu Does Not Exist
[07-Dec-19 22:29:07] INFO in _internal: 173.13.149.158 - - [07/Dec/2019 22:29:07] "POST /login HTTP/1.1" 200 -
[07-Dec-19 22:29:14] INFO in _internal: 173.13.149.158 - - [07/Dec/2019 22:29:14] "GET /login HTTP/1.1" 200 -
[07-Dec-19 22:29:19] INFO in _internal: 173.13.149.158 - - [07/Dec/2019 22:29:19] "GET / HTTP/1.1" 200 -
[07-Dec-19 22:29:21] INFO in _internal: 173.13.149.158 - - [07/Dec/2019 22:29:21] "GET /login HTTP/1.1" 200 -
[07-Dec-19 22:29:23] INFO in _internal: 173.13.149.158 - - [07/Dec/2019 22:29:23] "GET /admin-view HTTP/1.1" 200 -
[07-Dec-19 22:29:27] INFO in _internal: 173.13.149.158 - - [07/Dec/2019 22:29:27] "GET /staff-login HTTP/1.1" 200 -
[07-Dec-19 22:29:32] INFO in _internal: 173.13.149.158 - - [07/Dec/2019 22:29:32] "GET /register HTTP/1.1" 200 -
[07-Dec-19 22:31:00] INFO in _internal: 173.13.149.158 - - [07/Dec/2019 22:31:00] "GET /register HTTP/1.1" 200 -
[07-Dec-19 22:31:01] INFO in _internal: 71.202.17.154 - - [07/Dec/2019 22:31:01] "GET /register HTTP/1.1" 200 -
[07-Dec-19 22:31:09] INFO in _internal: 173.13.149.158 - - [07/Dec/2019 22:31:09] "GET /staff-login HTTP/1.1" 200 -
[07-Dec-19 22:31:28] INFO in _internal: 173.13.149.158 - - [07/Dec/2019 22:31:28] "GET /admin-view HTTP/1.1" 200 -
[07-Dec-19 22:31:31] INFO in _internal: 173.13.149.158 - - [07/Dec/2019 22:31:31] "GET /login HTTP/1.1" 200 -
[07-Dec-19 22:31:50] INFO in _internal: 71.202.17.154 - - [07/Dec/2019 22:31:50] "GET /register HTTP/1.1" 200 -
[07-Dec-19 22:31:59] INFO in _internal: 173.13.149.158 - - [07/Dec/2019 22:31:59] "GET /login HTTP/1.1" 200 -
[07-Dec-19 22:32:02] INFO in _internal: 173.13.149.158 - - [07/Dec/2019 22:32:02] "GET /staff-login HTTP/1.1" 200 -
[07-Dec-19 22:32:04] INFO in _internal: 173.13.149.158 - - [07/Dec/2019 22:32:04] "GET /staff-login HTTP/1.1" 200 -
[07-Dec-19 22:32:54] INFO in _internal: 173.13.149.158 - - [07/Dec/2019 22:32:54] "GET /staff-login HTTP/1.1" 200 -
[07-Dec-19 22:33:00] INFO in _internal: 173.13.149.158 - - [07/Dec/2019 22:33:00] "GET /login HTTP/1.1" 200 -
[07-Dec-19 22:34:23] INFO in _internal: 173.13.149.158 - - [07/Dec/2019 22:34:23] "GET /admin-view HTTP/1.1" 200 -
[07-Dec-19 22:34:39] DEBUG in views: marianne.paulson@sjsu.edu Logged In
[07-Dec-19 22:34:39] INFO in _internal: 173.13.149.158 - - [07/Dec/2019 22:34:39] "POST /admin-view HTTP/1.1" 302 -
[07-Dec-19 22:34:39] INFO in _internal: 173.13.149.158 - - [07/Dec/2019 22:34:39] "GET /create-rc-hr-accounts HTTP/1.1" 200 -
[07-Dec-19 22:37:56] INFO in _internal:  * Detected change in '/home/ubuntu/application_tracking_system/DB-Application directory/app.py', reloading
[07-Dec-19 22:37:56] INFO in _internal:  * Restarting with stat
[07-Dec-19 22:37:57] WARNING in _internal:  * Debugger is active!
[07-Dec-19 22:37:57] INFO in _internal:  * Debugger PIN: 326-217-879
[07-Dec-19 15:16:53] INFO in _internal:  * Running on http://127.0.0.1:5000/ (Press CTRL+C to quit)
[07-Dec-19 15:16:53] INFO in _internal:  * Restarting with stat
[07-Dec-19 15:16:53] WARNING in _internal:  * Debugger is active!
[07-Dec-19 15:16:53] INFO in _internal:  * Debugger PIN: 242-514-371
[07-Dec-19 15:16:57] INFO in _internal: 127.0.0.1 - - [07/Dec/2019 15:16:57] "GET / HTTP/1.1" 200 -
[07-Dec-19 15:16:58] INFO in _internal: 127.0.0.1 - - [07/Dec/2019 15:16:58] "GET /logout HTTP/1.1" 302 -
[07-Dec-19 15:16:59] INFO in _internal: 127.0.0.1 - - [07/Dec/2019 15:16:59] "GET /login HTTP/1.1" 200 -
[07-Dec-19 15:17:02] INFO in _internal: 127.0.0.1 - - [07/Dec/2019 15:17:02] "GET /admin-view HTTP/1.1" 200 -
[07-Dec-19 15:17:05] DEBUG in views: patel.farhaaan@gmail.com Logged In
[07-Dec-19 15:17:05] INFO in _internal: 127.0.0.1 - - [07/Dec/2019 15:17:05] "POST /admin-view HTTP/1.1" 302 -
[07-Dec-19 15:17:05] INFO in _internal: 127.0.0.1 - - [07/Dec/2019 15:17:05] "GET /create-rc-hr-accounts HTTP/1.1" 200 -
[07-Dec-19 15:17:08] INFO in _internal: 127.0.0.1 - - [07/Dec/2019 15:17:08] "GET /logout HTTP/1.1" 302 -
[07-Dec-19 15:17:08] INFO in _internal: 127.0.0.1 - - [07/Dec/2019 15:17:08] "GET /login HTTP/1.1" 200 -
[07-Dec-19 15:17:08] INFO in _internal: 127.0.0.1 - - [07/Dec/2019 15:17:08] "GET /admin-view HTTP/1.1" 200 -
[07-Dec-19 15:17:09] INFO in _internal: 127.0.0.1 - - [07/Dec/2019 15:17:09] "GET /staff-login HTTP/1.1" 200 -
[07-Dec-19 15:17:11] INFO in _internal: 127.0.0.1 - - [07/Dec/2019 15:17:11] "GET /register HTTP/1.1" 200 -
[07-Dec-19 15:17:12] INFO in _internal: 127.0.0.1 - - [07/Dec/2019 15:17:12] "GET /login HTTP/1.1" 200 -
[07-Dec-19 15:17:15] DEBUG in views: Applicant asdasd Logged In
[07-Dec-19 15:17:15] INFO in _internal: 127.0.0.1 - - [07/Dec/2019 15:17:15] "POST /login HTTP/1.1" 302 -
[07-Dec-19 15:17:15] INFO in _internal: 127.0.0.1 - - [07/Dec/2019 15:17:15] "GET /applicant-view HTTP/1.1" 200 -
[07-Dec-19 15:17:17] INFO in _internal: 127.0.0.1 - - [07/Dec/2019 15:17:17] "POST /applicant-view HTTP/1.1" 302 -
[07-Dec-19 15:17:17] INFO in _internal: 127.0.0.1 - - [07/Dec/2019 15:17:17] "GET /applicant-view HTTP/1.1" 200 -
[07-Dec-19 15:17:19] INFO in _internal: 127.0.0.1 - - [07/Dec/2019 15:17:19] "POST /applicant-view HTTP/1.1" 302 -
[07-Dec-19 15:17:19] INFO in _internal: 127.0.0.1 - - [07/Dec/2019 15:17:19] "GET /applicant-view HTTP/1.1" 200 -
[07-Dec-19 15:17:21] INFO in _internal: 127.0.0.1 - - [07/Dec/2019 15:17:21] "GET /applicant-attachments HTTP/1.1" 200 -
[07-Dec-19 15:17:25] DEBUG in hooks: Changing event name from creating-client-class.iot-data to creating-client-class.iot-data-plane
[07-Dec-19 15:17:25] DEBUG in hooks: Changing event name from before-call.apigateway to before-call.api-gateway
[07-Dec-19 15:17:25] DEBUG in hooks: Changing event name from request-created.machinelearning.Predict to request-created.machine-learning.Predict
[07-Dec-19 15:17:25] DEBUG in hooks: Changing event name from before-parameter-build.autoscaling.CreateLaunchConfiguration to before-parameter-build.auto-scaling.CreateLaunchConfiguration
[07-Dec-19 15:17:25] DEBUG in hooks: Changing event name from before-parameter-build.route53 to before-parameter-build.route-53
[07-Dec-19 15:17:25] DEBUG in hooks: Changing event name from request-created.cloudsearchdomain.Search to request-created.cloudsearch-domain.Search
[07-Dec-19 15:17:25] DEBUG in hooks: Changing event name from docs.*.autoscaling.CreateLaunchConfiguration.complete-section to docs.*.auto-scaling.CreateLaunchConfiguration.complete-section
[07-Dec-19 15:17:25] DEBUG in hooks: Changing event name from before-parameter-build.logs.CreateExportTask to before-parameter-build.cloudwatch-logs.CreateExportTask
[07-Dec-19 15:17:25] DEBUG in hooks: Changing event name from docs.*.logs.CreateExportTask.complete-section to docs.*.cloudwatch-logs.CreateExportTask.complete-section
[07-Dec-19 15:17:25] DEBUG in hooks: Changing event name from before-parameter-build.cloudsearchdomain.Search to before-parameter-build.cloudsearch-domain.Search
[07-Dec-19 15:17:25] DEBUG in hooks: Changing event name from docs.*.cloudsearchdomain.Search.complete-section to docs.*.cloudsearch-domain.Search.complete-section
[07-Dec-19 15:17:25] DEBUG in loaders: Loading JSON file: /home/farhaan/.local/lib/python3.7/site-packages/botocore/data/endpoints.json
[07-Dec-19 15:17:25] DEBUG in hooks: Event choose-service-name: calling handler <function handle_service_name_alias at 0x7f2a061df158>
[07-Dec-19 15:17:26] DEBUG in loaders: Loading JSON file: /home/farhaan/.local/lib/python3.7/site-packages/botocore/data/s3/2006-03-01/service-2.json
[07-Dec-19 15:17:26] DEBUG in hooks: Event creating-client-class.s3: calling handler <function add_generate_presigned_post at 0x7f2a061d3d90>
[07-Dec-19 15:17:26] DEBUG in hooks: Event creating-client-class.s3: calling handler <function lazy_call.<locals>._handler at 0x7f2a04f50e18>
[07-Dec-19 15:17:26] DEBUG in hooks: Event creating-client-class.s3: calling handler <function add_generate_presigned_url at 0x7f2a061d3b70>
[07-Dec-19 15:17:26] DEBUG in args: The s3 config key is not a dictionary type, ignoring its value of: None
[07-Dec-19 15:17:26] DEBUG in endpoint: Setting s3 timeout as (60, 60)
[07-Dec-19 15:17:26] DEBUG in loaders: Loading JSON file: /home/farhaan/.local/lib/python3.7/site-packages/botocore/data/_retry.json
[07-Dec-19 15:17:26] DEBUG in client: Registering retry handlers for service: s3
[07-Dec-19 15:17:26] DEBUG in client: Defaulting to S3 virtual host style addressing with path style addressing fallback.
[07-Dec-19 15:17:26] DEBUG in utils: Acquiring 0
[07-Dec-19 15:17:26] DEBUG in tasks: UploadSubmissionTask(transfer_id=0, {'transfer_future': <s3transfer.futures.TransferFuture object at 0x7f2a04a99438>}) about to wait for the following futures []
[07-Dec-19 15:17:26] DEBUG in tasks: UploadSubmissionTask(transfer_id=0, {'transfer_future': <s3transfer.futures.TransferFuture object at 0x7f2a04a99438>}) done waiting for dependent futures
[07-Dec-19 15:17:26] DEBUG in tasks: Executing task UploadSubmissionTask(transfer_id=0, {'transfer_future': <s3transfer.futures.TransferFuture object at 0x7f2a04a99438>}) with kwargs {'client': <botocore.client.S3 object at 0x7f2a04cc9a20>, 'config': <boto3.s3.transfer.TransferConfig object at 0x7f2a04c27d68>, 'osutil': <s3transfer.utils.OSUtils object at 0x7f2a04c27dd8>, 'request_executor': <s3transfer.futures.BoundedExecutor object at 0x7f2a04c27f60>, 'transfer_future': <s3transfer.futures.TransferFuture object at 0x7f2a04a99438>}
[07-Dec-19 15:17:26] DEBUG in futures: Submitting task PutObjectTask(transfer_id=0, {'bucket': 'cmpe226-ats-dynamodb', 'key': '5391custbill12022019.pdf', 'extra_args': {'ACL': 'public-read'}}) to executor <s3transfer.futures.BoundedExecutor object at 0x7f2a04c27f60> for transfer request: 0.
[07-Dec-19 15:17:26] DEBUG in utils: Acquiring 0
[07-Dec-19 15:17:26] DEBUG in tasks: PutObjectTask(transfer_id=0, {'bucket': 'cmpe226-ats-dynamodb', 'key': '5391custbill12022019.pdf', 'extra_args': {'ACL': 'public-read'}}) about to wait for the following futures []
[07-Dec-19 15:17:26] DEBUG in utils: Releasing acquire 0/None
[07-Dec-19 15:17:26] DEBUG in tasks: PutObjectTask(transfer_id=0, {'bucket': 'cmpe226-ats-dynamodb', 'key': '5391custbill12022019.pdf', 'extra_args': {'ACL': 'public-read'}}) done waiting for dependent futures
[07-Dec-19 15:17:26] DEBUG in tasks: Executing task PutObjectTask(transfer_id=0, {'bucket': 'cmpe226-ats-dynamodb', 'key': '5391custbill12022019.pdf', 'extra_args': {'ACL': 'public-read'}}) with kwargs {'client': <botocore.client.S3 object at 0x7f2a04cc9a20>, 'fileobj': <s3transfer.utils.ReadFileChunk object at 0x7f2a04a99668>, 'bucket': 'cmpe226-ats-dynamodb', 'key': '5391custbill12022019.pdf', 'extra_args': {'ACL': 'public-read'}}
[07-Dec-19 15:17:26] DEBUG in hooks: Event before-parameter-build.s3.PutObject: calling handler <function validate_ascii_metadata at 0x7f2a0618e620>
[07-Dec-19 15:17:26] DEBUG in hooks: Event before-parameter-build.s3.PutObject: calling handler <function sse_md5 at 0x7f2a0618aa60>
[07-Dec-19 15:17:26] DEBUG in hooks: Event before-parameter-build.s3.PutObject: calling handler <function convert_body_to_file_like_object at 0x7f2a0618eea0>
[07-Dec-19 15:17:26] DEBUG in hooks: Event before-parameter-build.s3.PutObject: calling handler <function validate_bucket_name at 0x7f2a0618a9d8>
[07-Dec-19 15:17:26] DEBUG in hooks: Event before-parameter-build.s3.PutObject: calling handler <bound method S3RegionRedirector.redirect_from_cache of <botocore.utils.S3RegionRedirector object at 0x7f2a04c276a0>>
[07-Dec-19 15:17:26] DEBUG in hooks: Event before-parameter-build.s3.PutObject: calling handler <function generate_idempotent_uuid at 0x7f2a0618a620>
[07-Dec-19 15:17:26] DEBUG in hooks: Event before-call.s3.PutObject: calling handler <function conditionally_calculate_md5 at 0x7f2a0618a950>
[07-Dec-19 15:17:26] DEBUG in hooks: Event before-call.s3.PutObject: calling handler <function add_expect_header at 0x7f2a0618ad08>
[07-Dec-19 15:17:26] DEBUG in handlers: Adding expect 100 continue header to request.
[07-Dec-19 15:17:26] DEBUG in hooks: Event before-call.s3.PutObject: calling handler <bound method S3RegionRedirector.set_request_url of <botocore.utils.S3RegionRedirector object at 0x7f2a04c276a0>>
[07-Dec-19 15:17:26] DEBUG in hooks: Event before-call.s3.PutObject: calling handler <function inject_api_version_header_if_needed at 0x7f2a0618f048>
[07-Dec-19 15:17:26] DEBUG in endpoint: Making request for OperationModel(name=PutObject) with params: {'url_path': '/cmpe226-ats-dynamodb/5391custbill12022019.pdf', 'query_string': {}, 'method': 'PUT', 'headers': {'x-amz-acl': 'public-read', 'User-Agent': 'Boto3/1.10.28 Python/3.7.3 Linux/5.0.0-37-generic Botocore/1.13.28', 'Content-MD5': '96pZltVl0ATNqvP/myPcWw==', 'Expect': '100-continue'}, 'body': <s3transfer.utils.ReadFileChunk object at 0x7f2a04a99668>, 'url': 'https://s3.amazonaws.com/cmpe226-ats-dynamodb/5391custbill12022019.pdf', 'context': {'client_region': 'us-east-1', 'client_config': <botocore.config.Config object at 0x7f2a04cd5390>, 'has_streaming_input': True, 'auth_type': None, 'signing': {'bucket': 'cmpe226-ats-dynamodb'}}}
[07-Dec-19 15:17:26] DEBUG in hooks: Event request-created.s3.PutObject: calling handler <function signal_not_transferring at 0x7f2a04c68048>
[07-Dec-19 15:17:26] DEBUG in hooks: Event request-created.s3.PutObject: calling handler <bound method RequestSigner.handler of <botocore.signers.RequestSigner object at 0x7f2a04cc9f28>>
[07-Dec-19 15:17:26] DEBUG in hooks: Event choose-signer.s3.PutObject: calling handler <bound method ClientCreator._default_s3_presign_to_sigv2 of <botocore.client.ClientCreator object at 0x7f2a04d04470>>
[07-Dec-19 15:17:26] DEBUG in hooks: Event choose-signer.s3.PutObject: calling handler <function set_operation_specific_signer at 0x7f2a0618a510>
[07-Dec-19 15:17:26] DEBUG in hooks: Event before-sign.s3.PutObject: calling handler <function fix_s3_host at 0x7f2a062af620>
[07-Dec-19 15:17:26] DEBUG in utils: Checking for DNS compatible bucket for: https://s3.amazonaws.com/cmpe226-ats-dynamodb/5391custbill12022019.pdf
[07-Dec-19 15:17:26] DEBUG in utils: URI updated to: https://cmpe226-ats-dynamodb.s3.amazonaws.com/5391custbill12022019.pdf
[07-Dec-19 15:17:26] DEBUG in auth: Calculating signature using v4 auth.
[07-Dec-19 15:17:26] DEBUG in auth: CanonicalRequest:
PUT
/5391custbill12022019.pdf

content-md5:96pZltVl0ATNqvP/myPcWw==
host:cmpe226-ats-dynamodb.s3.amazonaws.com
x-amz-acl:public-read
x-amz-content-sha256:UNSIGNED-PAYLOAD
x-amz-date:20191207T231726Z

content-md5;host;x-amz-acl;x-amz-content-sha256;x-amz-date
UNSIGNED-PAYLOAD
[07-Dec-19 15:17:26] DEBUG in auth: StringToSign:
AWS4-HMAC-SHA256
20191207T231726Z
20191207/us-east-1/s3/aws4_request
dddc9f6d9e8d6bbd883f1d11b8776a0fd629b438845dfa9e851617d3021d7f75
[07-Dec-19 15:17:26] DEBUG in auth: Signature:
71bb6c7ccfa617aa980882192c4b30801d2aaf11587356dfb05abe54e6c924ad
[07-Dec-19 15:17:26] DEBUG in hooks: Event request-created.s3.PutObject: calling handler <function signal_transferring at 0x7f2a04c680d0>
[07-Dec-19 15:17:26] DEBUG in endpoint: Sending http request: <AWSPreparedRequest stream_output=False, method=PUT, url=https://cmpe226-ats-dynamodb.s3.amazonaws.com/5391custbill12022019.pdf, headers={'x-amz-acl': b'public-read', 'User-Agent': b'Boto3/1.10.28 Python/3.7.3 Linux/5.0.0-37-generic Botocore/1.13.28', 'Content-MD5': b'96pZltVl0ATNqvP/myPcWw==', 'Expect': b'100-continue', 'X-Amz-Date': b'20191207T231726Z', 'X-Amz-Content-SHA256': b'UNSIGNED-PAYLOAD', 'Authorization': b'AWS4-HMAC-SHA256 Credential=***REMOVED***/20191207/us-east-1/s3/aws4_request, SignedHeaders=content-md5;host;x-amz-acl;x-amz-content-sha256;x-amz-date, Signature=71bb6c7ccfa617aa980882192c4b30801d2aaf11587356dfb05abe54e6c924ad', 'Content-Length': '381937'}>
[07-Dec-19 15:17:26] DEBUG in connectionpool: Starting new HTTPS connection (1): cmpe226-ats-dynamodb.s3.amazonaws.com:443
[07-Dec-19 15:17:26] DEBUG in awsrequest: Waiting for 100 Continue response.
[07-Dec-19 15:17:26] DEBUG in awsrequest: Received a non 100 Continue response from the server, NOT sending request body.
[07-Dec-19 15:17:26] DEBUG in connectionpool: https://cmpe226-ats-dynamodb.s3.amazonaws.com:443 "PUT /5391custbill12022019.pdf HTTP/1.1" 400 None
[07-Dec-19 15:17:26] DEBUG in parsers: Response headers: {'x-amz-request-id': 'B3F1B34872E97041', 'x-amz-id-2': 'c9NtAFs2/g1zPeyrQ7gsfgJRNfCzMbqyDHqM63R35S4T6Tk+4u+B+GK6wsvaREoJMVogMu+tVv8=', 'Content-Type': 'application/xml', 'Transfer-Encoding': 'chunked', 'Date': 'Sat, 07 Dec 2019 23:17:25 GMT', 'Connection': 'close', 'Server': 'AmazonS3'}
[07-Dec-19 15:17:26] DEBUG in parsers: Response body:
b'<?xml version="1.0" encoding="UTF-8"?>\n<Error><Code>AuthorizationHeaderMalformed</Code><Message>The authorization header is malformed; the region \'us-east-1\' is wrong; expecting \'us-west-1\'</Message><Region>us-west-1</Region><RequestId>B3F1B34872E97041</RequestId><HostId>c9NtAFs2/g1zPeyrQ7gsfgJRNfCzMbqyDHqM63R35S4T6Tk+4u+B+GK6wsvaREoJMVogMu+tVv8=</HostId></Error>'
[07-Dec-19 15:17:26] DEBUG in hooks: Event needs-retry.s3.PutObject: calling handler <botocore.retryhandler.RetryHandler object at 0x7f2a04c27588>
[07-Dec-19 15:17:26] DEBUG in retryhandler: No retry needed.
[07-Dec-19 15:17:26] DEBUG in hooks: Event needs-retry.s3.PutObject: calling handler <bound method S3RegionRedirector.redirect_from_error of <botocore.utils.S3RegionRedirector object at 0x7f2a04c276a0>>
[07-Dec-19 15:17:26] DEBUG in utils: S3 client configured for region us-east-1 but the bucket cmpe226-ats-dynamodb is in region us-west-1; Please configure the proper region to avoid multiple unnecessary redirects and signing attempts.
[07-Dec-19 15:17:26] DEBUG in utils: Updating URI from https://s3.amazonaws.com/cmpe226-ats-dynamodb/5391custbill12022019.pdf to https://s3.us-west-1.amazonaws.com/cmpe226-ats-dynamodb/5391custbill12022019.pdf
[07-Dec-19 15:17:26] DEBUG in endpoint: Response received to retry, sleeping for 0 seconds
[07-Dec-19 15:17:26] DEBUG in awsrequest: Rewinding stream: <s3transfer.utils.ReadFileChunk object at 0x7f2a04a99668>
[07-Dec-19 15:17:26] DEBUG in hooks: Event request-created.s3.PutObject: calling handler <function signal_not_transferring at 0x7f2a04c68048>
[07-Dec-19 15:17:26] DEBUG in hooks: Event request-created.s3.PutObject: calling handler <bound method RequestSigner.handler of <botocore.signers.RequestSigner object at 0x7f2a04cc9f28>>
[07-Dec-19 15:17:26] DEBUG in hooks: Event choose-signer.s3.PutObject: calling handler <bound method ClientCreator._default_s3_presign_to_sigv2 of <botocore.client.ClientCreator object at 0x7f2a04d04470>>
[07-Dec-19 15:17:26] DEBUG in hooks: Event choose-signer.s3.PutObject: calling handler <function set_operation_specific_signer at 0x7f2a0618a510>
[07-Dec-19 15:17:26] DEBUG in hooks: Event before-sign.s3.PutObject: calling handler <function fix_s3_host at 0x7f2a062af620>
[07-Dec-19 15:17:26] DEBUG in utils: Checking for DNS compatible bucket for: https://s3.us-west-1.amazonaws.com/cmpe226-ats-dynamodb/5391custbill12022019.pdf
[07-Dec-19 15:17:26] DEBUG in utils: URI updated to: https://cmpe226-ats-dynamodb.s3.us-west-1.amazonaws.com/5391custbill12022019.pdf
[07-Dec-19 15:17:26] DEBUG in auth: Calculating signature using v4 auth.
[07-Dec-19 15:17:26] DEBUG in auth: CanonicalRequest:
PUT
/5391custbill12022019.pdf

content-md5:96pZltVl0ATNqvP/myPcWw==
host:cmpe226-ats-dynamodb.s3.us-west-1.amazonaws.com
x-amz-acl:public-read
x-amz-content-sha256:UNSIGNED-PAYLOAD
x-amz-date:20191207T231726Z

content-md5;host;x-amz-acl;x-amz-content-sha256;x-amz-date
UNSIGNED-PAYLOAD
[07-Dec-19 15:17:26] DEBUG in auth: StringToSign:
AWS4-HMAC-SHA256
20191207T231726Z
20191207/us-west-1/s3/aws4_request
5774711ae8756a962a2a72bfbc6dcd0d5739e832a528eac566d8b22cc0d3e757
[07-Dec-19 15:17:26] DEBUG in auth: Signature:
ce8c7c17fba2c3ff40452e8e70c68f93ce348cbfdc98ead5e506daa5c8d90676
[07-Dec-19 15:17:26] DEBUG in hooks: Event request-created.s3.PutObject: calling handler <function signal_transferring at 0x7f2a04c680d0>
[07-Dec-19 15:17:26] DEBUG in endpoint: Sending http request: <AWSPreparedRequest stream_output=False, method=PUT, url=https://cmpe226-ats-dynamodb.s3.us-west-1.amazonaws.com/5391custbill12022019.pdf, headers={'x-amz-acl': b'public-read', 'User-Agent': b'Boto3/1.10.28 Python/3.7.3 Linux/5.0.0-37-generic Botocore/1.13.28', 'Content-MD5': b'96pZltVl0ATNqvP/myPcWw==', 'Expect': b'100-continue', 'X-Amz-Date': b'20191207T231726Z', 'X-Amz-Content-SHA256': b'UNSIGNED-PAYLOAD', 'Authorization': b'AWS4-HMAC-SHA256 Credential=***REMOVED***/20191207/us-west-1/s3/aws4_request, SignedHeaders=content-md5;host;x-amz-acl;x-amz-content-sha256;x-amz-date, Signature=ce8c7c17fba2c3ff40452e8e70c68f93ce348cbfdc98ead5e506daa5c8d90676', 'Content-Length': '381937'}>
[07-Dec-19 15:17:26] DEBUG in connectionpool: Starting new HTTPS connection (1): cmpe226-ats-dynamodb.s3.us-west-1.amazonaws.com:443
[07-Dec-19 15:17:26] DEBUG in awsrequest: Waiting for 100 Continue response.
[07-Dec-19 15:17:26] DEBUG in awsrequest: 100 Continue response seen, now sending request body.
[07-Dec-19 15:17:27] DEBUG in connectionpool: https://cmpe226-ats-dynamodb.s3.us-west-1.amazonaws.com:443 "PUT /5391custbill12022019.pdf HTTP/1.1" 200 0
[07-Dec-19 15:17:27] DEBUG in parsers: Response headers: {'x-amz-id-2': 'ybW0BFzVFVveVaknCaYQlT+fxbje7mPi9/0PGiObIz+hUA89DX9I0SlVVVrY0zcF/t47KetrH/s=', 'x-amz-request-id': 'E78232E704E7A686', 'Date': 'Sat, 07 Dec 2019 23:17:27 GMT', 'x-amz-version-id': 'CXJN9flYCH4_5MqRwIk2N4_OGzHHXHc1', 'ETag': '"f7aa5996d565d004cdaaf3ff9b23dc5b"', 'Content-Length': '0', 'Server': 'AmazonS3'}
[07-Dec-19 15:17:27] DEBUG in parsers: Response body:
b''
[07-Dec-19 15:17:27] DEBUG in hooks: Event needs-retry.s3.PutObject: calling handler <botocore.retryhandler.RetryHandler object at 0x7f2a04c27588>
[07-Dec-19 15:17:27] DEBUG in retryhandler: No retry needed.
[07-Dec-19 15:17:27] DEBUG in hooks: Event needs-retry.s3.PutObject: calling handler <bound method S3RegionRedirector.redirect_from_error of <botocore.utils.S3RegionRedirector object at 0x7f2a04c276a0>>
[07-Dec-19 15:17:27] DEBUG in utils: S3 request was previously redirected, not redirecting.
[07-Dec-19 15:17:27] DEBUG in utils: Releasing acquire 0/None
[07-Dec-19 15:17:27] DEBUG in loaders: Loading JSON file: /home/farhaan/.local/lib/python3.7/site-packages/boto3/data/dynamodb/2012-08-10/resources-1.json
[07-Dec-19 15:17:27] DEBUG in hooks: Event choose-service-name: calling handler <function handle_service_name_alias at 0x7f2a061df158>
[07-Dec-19 15:17:27] DEBUG in loaders: Loading JSON file: /home/farhaan/.local/lib/python3.7/site-packages/botocore/data/dynamodb/2012-08-10/service-2.json
[07-Dec-19 15:17:27] DEBUG in hooks: Event creating-client-class.dynamodb: calling handler <function add_generate_presigned_url at 0x7f2a061d3b70>
[07-Dec-19 15:17:27] DEBUG in args: The s3 config key is not a dictionary type, ignoring its value of: None
[07-Dec-19 15:17:27] DEBUG in endpoint: Setting dynamodb timeout as (60, 60)
[07-Dec-19 15:17:27] DEBUG in client: Registering retry handlers for service: dynamodb
[07-Dec-19 15:17:27] DEBUG in factory: Loading dynamodb:dynamodb
[07-Dec-19 15:17:27] DEBUG in hooks: Event creating-resource-class.dynamodb.ServiceResource: calling handler <function lazy_call.<locals>._handler at 0x7f2a04ec80d0>
[07-Dec-19 15:17:27] DEBUG in factory: Loading dynamodb:Table
[07-Dec-19 15:17:27] DEBUG in hooks: Event creating-resource-class.dynamodb.Table: calling handler <function lazy_call.<locals>._handler at 0x7f2a04ec8a60>
[07-Dec-19 15:17:27] DEBUG in hooks: Event creating-resource-class.dynamodb.Table: calling handler <function lazy_call.<locals>._handler at 0x7f2a04ec80d0>
[07-Dec-19 15:17:27] DEBUG in action: Calling dynamodb:get_item with {'TableName': 'cmpeats', 'Key': {'pk': 1}}
[07-Dec-19 15:17:27] DEBUG in hooks: Event provide-client-params.dynamodb.GetItem: calling handler <function copy_dynamodb_params at 0x7f29f6ef1ae8>
[07-Dec-19 15:17:27] DEBUG in hooks: Event before-parameter-build.dynamodb.GetItem: calling handler <bound method TransformationInjector.inject_condition_expressions of <boto3.dynamodb.transform.TransformationInjector object at 0x7f29f6ed2b70>>
[07-Dec-19 15:17:27] DEBUG in hooks: Event before-parameter-build.dynamodb.GetItem: calling handler <bound method TransformationInjector.inject_attribute_value_input of <boto3.dynamodb.transform.TransformationInjector object at 0x7f29f6ed2b70>>
[07-Dec-19 15:17:27] DEBUG in hooks: Event before-parameter-build.dynamodb.GetItem: calling handler <function generate_idempotent_uuid at 0x7f2a0618a620>
[07-Dec-19 15:17:27] DEBUG in hooks: Event before-parameter-build.dynamodb.GetItem: calling handler <function block_endpoint_discovery_required_operations at 0x7f2a061ae620>
[07-Dec-19 15:17:27] DEBUG in hooks: Event before-call.dynamodb.GetItem: calling handler <function inject_api_version_header_if_needed at 0x7f2a0618f048>
[07-Dec-19 15:17:27] DEBUG in endpoint: Making request for OperationModel(name=GetItem) with params: {'url_path': '/', 'query_string': '', 'method': 'POST', 'headers': {'X-Amz-Target': 'DynamoDB_20120810.GetItem', 'Content-Type': 'application/x-amz-json-1.0', 'User-Agent': 'Boto3/1.10.28 Python/3.7.3 Linux/5.0.0-37-generic Botocore/1.13.28 Resource'}, 'body': b'{"TableName": "cmpeats", "Key": {"pk": {"N": "1"}}}', 'url': 'https://dynamodb.us-west-1.amazonaws.com/', 'context': {'client_region': 'us-west-1', 'client_config': <botocore.config.Config object at 0x7f29f6f28be0>, 'has_streaming_input': False, 'auth_type': None}}
[07-Dec-19 15:17:27] DEBUG in hooks: Event request-created.dynamodb.GetItem: calling handler <bound method RequestSigner.handler of <botocore.signers.RequestSigner object at 0x7f29f6f28ba8>>
[07-Dec-19 15:17:27] DEBUG in hooks: Event choose-signer.dynamodb.GetItem: calling handler <function set_operation_specific_signer at 0x7f2a0618a510>
[07-Dec-19 15:17:27] DEBUG in auth: Calculating signature using v4 auth.
[07-Dec-19 15:17:27] DEBUG in auth: CanonicalRequest:
POST
/

content-type:application/x-amz-json-1.0
host:dynamodb.us-west-1.amazonaws.com
x-amz-date:20191207T231727Z
x-amz-target:DynamoDB_20120810.GetItem

content-type;host;x-amz-date;x-amz-target
276ef7d9cadec76cc6b90e14e80bf3a64ae7c7f0cc24bf8330b5a52e57a8be19
[07-Dec-19 15:17:27] DEBUG in auth: StringToSign:
AWS4-HMAC-SHA256
20191207T231727Z
20191207/us-west-1/dynamodb/aws4_request
c549e8a2e952de15215d9c29b94156a3ac99a8b7ec6e1f2e96d50af6c43416f9
[07-Dec-19 15:17:27] DEBUG in auth: Signature:
18413fe2c64e748f693be52b1a00e5cf464647ae41bf4d57ad04539bc5f878b8
[07-Dec-19 15:17:27] DEBUG in endpoint: Sending http request: <AWSPreparedRequest stream_output=False, method=POST, url=https://dynamodb.us-west-1.amazonaws.com/, headers={'X-Amz-Target': b'DynamoDB_20120810.GetItem', 'Content-Type': b'application/x-amz-json-1.0', 'User-Agent': b'Boto3/1.10.28 Python/3.7.3 Linux/5.0.0-37-generic Botocore/1.13.28 Resource', 'X-Amz-Date': b'20191207T231727Z', 'Authorization': b'AWS4-HMAC-SHA256 Credential=***REMOVED***/20191207/us-west-1/dynamodb/aws4_request, SignedHeaders=content-type;host;x-amz-date;x-amz-target, Signature=18413fe2c64e748f693be52b1a00e5cf464647ae41bf4d57ad04539bc5f878b8', 'Content-Length': '51'}>
[07-Dec-19 15:17:27] DEBUG in connectionpool: Starting new HTTPS connection (1): dynamodb.us-west-1.amazonaws.com:443
[07-Dec-19 15:17:27] DEBUG in connectionpool: https://dynamodb.us-west-1.amazonaws.com:443 "POST / HTTP/1.1" 200 4294
[07-Dec-19 15:17:27] DEBUG in parsers: Response headers: {'Server': 'Server', 'Date': 'Sat, 07 Dec 2019 23:17:27 GMT', 'Content-Type': 'application/x-amz-json-1.0', 'Content-Length': '4294', 'Connection': 'keep-alive', 'x-amzn-RequestId': '1AFA0HNFS8VK1BV236ED6CVGSVVV4KQNSO5AEMVJF66Q9ASUAAJG', 'x-amz-crc32': '2301835122'}
[07-Dec-19 15:17:27] DEBUG in parsers: Response body:
b'{"Item":{"pk":{"N":"1"},"attachments":{"M":{"2019-12-02 01:44:07.555437":{"M":{"type":{"S":"TRANSCRIPTS"},"link":{"S":"https://cmpe226-ats-dynamodb.s3-us-west-1.amazonaws.com/New.ipynb"}}},"2019-12-07 22:47:53.692444":{"M":{"type":{"S":"COVER-LETTER"},"link":{"S":"https://cmpe226-ats-dynamodb.s3-us-west-1.amazonaws.com/4_Create_views.sql"}}},"2019-12-02 01:42:20.276509":{"M":{"type":{"S":"LOR"},"link":{"S":"https://cmpe226-ats-dynamodb.s3-us-west-1.amazonaws.com/mode.png"}}},"2019-12-02 01:44:08.225623":{"M":{"type":{"S":"COVER-LETTER"},"link":{"S":"https://cmpe226-ats-dynamodb.s3-us-west-1.amazonaws.com/median.png"}}},"2019-11-30 08:18:57.226681":{"M":{"type":{"S":"COVER-LETTER"},"link":{"S":"https://cmpe226-ats-dynamodb.s3-us-west-1.amazonaws.com/pageAlgorithm.jpeg"}}},"2019-12-02 01:45:49.136269":{"M":{"type":{"S":"TRANSCRIPTS"},"link":{"S":"https://cmpe226-ats-dynamodb.s3-us-west-1.amazonaws.com/new.png"}}},"2019-12-02 01:45:19.285701":{"M":{"type":{"S":"COVER-LETTER"},"link":{"S":"https://cmpe226-ats-dynamodb.s3-us-west-1.amazonaws.com/median.png"}}},"2019-12-02 01:45:48.441942":{"M":{"type":{"S":"LOR"},"link":{"S":"https://cmpe226-ats-dynamodb.s3-us-west-1.amazonaws.com/Figure_1.png"}}},"2019-11-30 08:19:07.363206":{"M":{"type":{"S":"TRANSCRIPTS"},"link":{"S":"https://cmpe226-ats-dynamodb.s3-us-west-1.amazonaws.com/pageAlgorithm.jpeg"}}},"2019-12-02 01:44:06.731433":{"M":{"type":{"S":"LOR"},"link":{"S":"https://cmpe226-ats-dynamodb.s3-us-west-1.amazonaws.com/mode.png"}}},"2019-11-30 07:39:26.869521":{"M":{"type":{"S":"LOR"},"link":{"S":"https://cmpe226-ats-dynamo.s3-us-west-1.amazonaws.com/ScreenShot2019-11-24at11.00.20PM.png"}}},"2019-11-30 08:19:06.411486":{"M":{"type":{"S":"LOR"},"link":{"S":"https://cmpe226-ats-dynamodb.s3-us-west-1.amazonaws.com/pageAlgorithm.jpeg"}}},"2019-11-30 07:48:14.555333":{"M":{"type":{"S":"LOR"},"link":{"S":"https://cmpe226-ats-dynamodb.s3-us-west-1.amazonaws.com/ExtraCredit.pdf"}}},"2019-12-02 01:45:49.719122":{"M":{"type":{"S":"COVER-LETTER"},"link":{"S":"https://cmpe226-ats-dynamodb.s3-us-west-1.amazonaws.com/mode.png"}}},"2019-12-02 01:45:38.186878":{"M":{"type":{"S":"LOR"},"link":{"S":"https://cmpe226-ats-dynamodb.s3-us-west-1.amazonaws.com/mode.png"}}},"2019-12-02 01:41:57.674662":{"M":{"type":{"S":"COVER-LETTER"},"link":{"S":"https://cmpe226-ats-dynamodb.s3-us-west-1.amazonaws.com/mode.png"}}},"2019-12-02 01:44:06.359058":{"M":{"type":{"S":"LOR"},"link":{"S":"https://cmpe226-ats-dynamodb.s3-us-west-1.amazonaws.com/mode.png"}}},"2019-12-02 02:33:15.451048":{"M":{"type":{"S":"COVER-LETTER"},"link":{"S":"https://cmpe226-ats-dynamodb.s3-us-west-1.amazonaws.com/new.png"}}},"2019-11-30 08:18:44.415616":{"M":{"type":{"S":"COVER-LETTER"},"link":{"S":"https://cmpe226-ats-dynamodb.s3-us-west-1.amazonaws.com/pageAlgorithm.jpeg"}}},"2019-12-02 01:45:38.877641":{"M":{"type":{"S":"COVER-LETTER"},"link":{"S":"https://cmpe226-ats-dynamodb.s3-us-west-1.amazonaws.com/mode.png"}}},"2019-12-07 20:20:23.085971":{"M":{"type":{"S":"COVER-LETTER"},"link":{"S":"https://cmpe226-ats-dynamodb.s3-us-west-1.amazonaws.com/median.png"}}},"2019-12-07 05:11:31.753075":{"M":{"type":{"S":"COVER-LETTER"},"link":{"S":"https://cmpe226-ats-dynamodb.s3-us-west-1.amazonaws.com/HomeworkExtraCredit.pdf"}}},"2019-11-30 08:19:08.694054":{"M":{"type":{"S":"COVER-LETTER"},"link":{"S":"https://cmpe226-ats-dynamodb.s3-us-west-1.amazonaws.com/pageAlgorithm.jpeg"}}},"2019-12-02 02:33:14.769240":{"M":{"type":{"S":"TRANSCRIPTS"},"link":{"S":"https://cmpe226-ats-dynamodb.s3-us-west-1.amazonaws.com/4_Create_views.sql"}}},"2019-11-30 08:18:56.070920":{"M":{"type":{"S":"LOR"},"link":{"S":"https://cmpe226-ats-dynamodb.s3-us-west-1.amazonaws.com/pageAlgorithm.jpeg"}}},"2019-12-02 01:45:30.736475":{"M":{"type":{"S":"TRANSCRIPTS"},"link":{"S":"https://cmpe226-ats-dynamodb.s3-us-west-1.amazonaws.com/median.png"}}},"2019-12-02 01:42:09.694156":{"M":{"type":{"S":"COVER-LETTER"},"link":{"S":"https://cmpe226-ats-dynamodb.s3-us-west-1.amazonaws.com/Figure_1.png"}}},"2019-12-02 02:33:13.373520":{"M":{"type":{"S":"LOR"},"link":{"S":"https://cmpe226-ats-dynamodb.s3-us-west-1.amazonaws.com/New.ipynb"}}},"2019-12-02 01:45:25.545710":{"M":{"type":{"S":"LOR"},"link":{"S":"https://cmpe226-ats-dynamodb.s3-us-west-1.amazonaws.com/median.png"}}}}}}}'
[07-Dec-19 15:17:27] DEBUG in hooks: Event needs-retry.dynamodb.GetItem: calling handler <botocore.retryhandler.RetryHandler object at 0x7f29f6f28f28>
[07-Dec-19 15:17:27] DEBUG in retryhandler: No retry needed.
[07-Dec-19 15:17:27] DEBUG in hooks: Event after-call.dynamodb.GetItem: calling handler <bound method TransformationInjector.inject_attribute_value_output of <boto3.dynamodb.transform.TransformationInjector object at 0x7f29f6ed2b70>>
[07-Dec-19 15:17:27] DEBUG in action: Response: {'Item': {'pk': Decimal('1'), 'attachments': {'2019-12-02 01:44:07.555437': {'type': 'TRANSCRIPTS', 'link': 'https://cmpe226-ats-dynamodb.s3-us-west-1.amazonaws.com/New.ipynb'}, '2019-12-07 22:47:53.692444': {'type': 'COVER-LETTER', 'link': 'https://cmpe226-ats-dynamodb.s3-us-west-1.amazonaws.com/4_Create_views.sql'}, '2019-12-02 01:42:20.276509': {'type': 'LOR', 'link': 'https://cmpe226-ats-dynamodb.s3-us-west-1.amazonaws.com/mode.png'}, '2019-12-02 01:44:08.225623': {'type': 'COVER-LETTER', 'link': 'https://cmpe226-ats-dynamodb.s3-us-west-1.amazonaws.com/median.png'}, '2019-11-30 08:18:57.226681': {'type': 'COVER-LETTER', 'link': 'https://cmpe226-ats-dynamodb.s3-us-west-1.amazonaws.com/pageAlgorithm.jpeg'}, '2019-12-02 01:45:49.136269': {'type': 'TRANSCRIPTS', 'link': 'https://cmpe226-ats-dynamodb.s3-us-west-1.amazonaws.com/new.png'}, '2019-12-02 01:45:19.285701': {'type': 'COVER-LETTER', 'link': 'https://cmpe226-ats-dynamodb.s3-us-west-1.amazonaws.com/median.png'}, '2019-12-02 01:45:48.441942': {'type': 'LOR', 'link': 'https://cmpe226-ats-dynamodb.s3-us-west-1.amazonaws.com/Figure_1.png'}, '2019-11-30 08:19:07.363206': {'type': 'TRANSCRIPTS', 'link': 'https://cmpe226-ats-dynamodb.s3-us-west-1.amazonaws.com/pageAlgorithm.jpeg'}, '2019-12-02 01:44:06.731433': {'type': 'LOR', 'link': 'https://cmpe226-ats-dynamodb.s3-us-west-1.amazonaws.com/mode.png'}, '2019-11-30 07:39:26.869521': {'type': 'LOR', 'link': 'https://cmpe226-ats-dynamo.s3-us-west-1.amazonaws.com/ScreenShot2019-11-24at11.00.20PM.png'}, '2019-11-30 08:19:06.411486': {'type': 'LOR', 'link': 'https://cmpe226-ats-dynamodb.s3-us-west-1.amazonaws.com/pageAlgorithm.jpeg'}, '2019-11-30 07:48:14.555333': {'type': 'LOR', 'link': 'https://cmpe226-ats-dynamodb.s3-us-west-1.amazonaws.com/ExtraCredit.pdf'}, '2019-12-02 01:45:49.719122': {'type': 'COVER-LETTER', 'link': 'https://cmpe226-ats-dynamodb.s3-us-west-1.amazonaws.com/mode.png'}, '2019-12-02 01:45:38.186878': {'type': 'LOR', 'link': 'https://cmpe226-ats-dynamodb.s3-us-west-1.amazonaws.com/mode.png'}, '2019-12-02 01:41:57.674662': {'type': 'COVER-LETTER', 'link': 'https://cmpe226-ats-dynamodb.s3-us-west-1.amazonaws.com/mode.png'}, '2019-12-02 01:44:06.359058': {'type': 'LOR', 'link': 'https://cmpe226-ats-dynamodb.s3-us-west-1.amazonaws.com/mode.png'}, '2019-12-02 02:33:15.451048': {'type': 'COVER-LETTER', 'link': 'https://cmpe226-ats-dynamodb.s3-us-west-1.amazonaws.com/new.png'}, '2019-11-30 08:18:44.415616': {'type': 'COVER-LETTER', 'link': 'https://cmpe226-ats-dynamodb.s3-us-west-1.amazonaws.com/pageAlgorithm.jpeg'}, '2019-12-02 01:45:38.877641': {'type': 'COVER-LETTER', 'link': 'https://cmpe226-ats-dynamodb.s3-us-west-1.amazonaws.com/mode.png'}, '2019-12-07 20:20:23.085971': {'type': 'COVER-LETTER', 'link': 'https://cmpe226-ats-dynamodb.s3-us-west-1.amazonaws.com/median.png'}, '2019-12-07 05:11:31.753075': {'type': 'COVER-LETTER', 'link': 'https://cmpe226-ats-dynamodb.s3-us-west-1.amazonaws.com/HomeworkExtraCredit.pdf'}, '2019-11-30 08:19:08.694054': {'type': 'COVER-LETTER', 'link': 'https://cmpe226-ats-dynamodb.s3-us-west-1.amazonaws.com/pageAlgorithm.jpeg'}, '2019-12-02 02:33:14.769240': {'type': 'TRANSCRIPTS', 'link': 'https://cmpe226-ats-dynamodb.s3-us-west-1.amazonaws.com/4_Create_views.sql'}, '2019-11-30 08:18:56.070920': {'type': 'LOR', 'link': 'https://cmpe226-ats-dynamodb.s3-us-west-1.amazonaws.com/pageAlgorithm.jpeg'}, '2019-12-02 01:45:30.736475': {'type': 'TRANSCRIPTS', 'link': 'https://cmpe226-ats-dynamodb.s3-us-west-1.amazonaws.com/median.png'}, '2019-12-02 01:42:09.694156': {'type': 'COVER-LETTER', 'link': 'https://cmpe226-ats-dynamodb.s3-us-west-1.amazonaws.com/Figure_1.png'}, '2019-12-02 02:33:13.373520': {'type': 'LOR', 'link': 'https://cmpe226-ats-dynamodb.s3-us-west-1.amazonaws.com/New.ipynb'}, '2019-12-02 01:45:25.545710': {'type': 'LOR', 'link': 'https://cmpe226-ats-dynamodb.s3-us-west-1.amazonaws.com/median.png'}}}, 'ResponseMetadata': {'RequestId': '1AFA0HNFS8VK1BV236ED6CVGSVVV4KQNSO5AEMVJF66Q9ASUAAJG', 'HTTPStatusCode': 200, 'HTTPHeaders': {'server': 'Server', 'date': 'Sat, 07 Dec 2019 23:17:27 GMT', 'content-type': 'application/x-amz-json-1.0', 'content-length': '4294', 'connection': 'keep-alive', 'x-amzn-requestid': '1AFA0HNFS8VK1BV236ED6CVGSVVV4KQNSO5AEMVJF66Q9ASUAAJG', 'x-amz-crc32': '2301835122'}, 'RetryAttempts': 0}}
[07-Dec-19 15:17:27] DEBUG in hooks: Event choose-service-name: calling handler <function handle_service_name_alias at 0x7f2a061df158>
[07-Dec-19 15:17:27] DEBUG in hooks: Event creating-client-class.dynamodb: calling handler <function add_generate_presigned_url at 0x7f2a061d3b70>
[07-Dec-19 15:17:27] DEBUG in args: The s3 config key is not a dictionary type, ignoring its value of: None
[07-Dec-19 15:17:27] DEBUG in endpoint: Setting dynamodb timeout as (60, 60)
[07-Dec-19 15:17:27] DEBUG in client: Registering retry handlers for service: dynamodb
[07-Dec-19 15:17:27] DEBUG in factory: Loading dynamodb:dynamodb
[07-Dec-19 15:17:27] DEBUG in hooks: Event creating-resource-class.dynamodb.ServiceResource: calling handler <function lazy_call.<locals>._handler at 0x7f2a04ec80d0>
[07-Dec-19 15:17:27] DEBUG in factory: Loading dynamodb:Table
[07-Dec-19 15:17:27] DEBUG in hooks: Event creating-resource-class.dynamodb.Table: calling handler <function lazy_call.<locals>._handler at 0x7f2a04ec8a60>
[07-Dec-19 15:17:27] DEBUG in hooks: Event creating-resource-class.dynamodb.Table: calling handler <function lazy_call.<locals>._handler at 0x7f2a04ec80d0>
[07-Dec-19 15:17:27] DEBUG in action: Calling dynamodb:put_item with {'TableName': 'cmpeats', 'Item': {'pk': Decimal('1'), 'attachments': {'2019-12-02 01:44:07.555437': {'type': 'TRANSCRIPTS', 'link': 'https://cmpe226-ats-dynamodb.s3-us-west-1.amazonaws.com/New.ipynb'}, '2019-12-07 22:47:53.692444': {'type': 'COVER-LETTER', 'link': 'https://cmpe226-ats-dynamodb.s3-us-west-1.amazonaws.com/4_Create_views.sql'}, '2019-12-02 01:42:20.276509': {'type': 'LOR', 'link': 'https://cmpe226-ats-dynamodb.s3-us-west-1.amazonaws.com/mode.png'}, '2019-12-02 01:44:08.225623': {'type': 'COVER-LETTER', 'link': 'https://cmpe226-ats-dynamodb.s3-us-west-1.amazonaws.com/median.png'}, '2019-11-30 08:18:57.226681': {'type': 'COVER-LETTER', 'link': 'https://cmpe226-ats-dynamodb.s3-us-west-1.amazonaws.com/pageAlgorithm.jpeg'}, '2019-12-02 01:45:49.136269': {'type': 'TRANSCRIPTS', 'link': 'https://cmpe226-ats-dynamodb.s3-us-west-1.amazonaws.com/new.png'}, '2019-12-02 01:45:19.285701': {'type': 'COVER-LETTER', 'link': 'https://cmpe226-ats-dynamodb.s3-us-west-1.amazonaws.com/median.png'}, '2019-12-02 01:45:48.441942': {'type': 'LOR', 'link': 'https://cmpe226-ats-dynamodb.s3-us-west-1.amazonaws.com/Figure_1.png'}, '2019-11-30 08:19:07.363206': {'type': 'TRANSCRIPTS', 'link': 'https://cmpe226-ats-dynamodb.s3-us-west-1.amazonaws.com/pageAlgorithm.jpeg'}, '2019-12-02 01:44:06.731433': {'type': 'LOR', 'link': 'https://cmpe226-ats-dynamodb.s3-us-west-1.amazonaws.com/mode.png'}, '2019-11-30 07:39:26.869521': {'type': 'LOR', 'link': 'https://cmpe226-ats-dynamo.s3-us-west-1.amazonaws.com/ScreenShot2019-11-24at11.00.20PM.png'}, '2019-11-30 08:19:06.411486': {'type': 'LOR', 'link': 'https://cmpe226-ats-dynamodb.s3-us-west-1.amazonaws.com/pageAlgorithm.jpeg'}, '2019-11-30 07:48:14.555333': {'type': 'LOR', 'link': 'https://cmpe226-ats-dynamodb.s3-us-west-1.amazonaws.com/ExtraCredit.pdf'}, '2019-12-02 01:45:49.719122': {'type': 'COVER-LETTER', 'link': 'https://cmpe226-ats-dynamodb.s3-us-west-1.amazonaws.com/mode.png'}, '2019-12-02 01:45:38.186878': {'type': 'LOR', 'link': 'https://cmpe226-ats-dynamodb.s3-us-west-1.amazonaws.com/mode.png'}, '2019-12-02 01:41:57.674662': {'type': 'COVER-LETTER', 'link': 'https://cmpe226-ats-dynamodb.s3-us-west-1.amazonaws.com/mode.png'}, '2019-12-02 01:44:06.359058': {'type': 'LOR', 'link': 'https://cmpe226-ats-dynamodb.s3-us-west-1.amazonaws.com/mode.png'}, '2019-12-02 02:33:15.451048': {'type': 'COVER-LETTER', 'link': 'https://cmpe226-ats-dynamodb.s3-us-west-1.amazonaws.com/new.png'}, '2019-11-30 08:18:44.415616': {'type': 'COVER-LETTER', 'link': 'https://cmpe226-ats-dynamodb.s3-us-west-1.amazonaws.com/pageAlgorithm.jpeg'}, '2019-12-02 01:45:38.877641': {'type': 'COVER-LETTER', 'link': 'https://cmpe226-ats-dynamodb.s3-us-west-1.amazonaws.com/mode.png'}, '2019-12-07 20:20:23.085971': {'type': 'COVER-LETTER', 'link': 'https://cmpe226-ats-dynamodb.s3-us-west-1.amazonaws.com/median.png'}, '2019-12-07 05:11:31.753075': {'type': 'COVER-LETTER', 'link': 'https://cmpe226-ats-dynamodb.s3-us-west-1.amazonaws.com/HomeworkExtraCredit.pdf'}, '2019-11-30 08:19:08.694054': {'type': 'COVER-LETTER', 'link': 'https://cmpe226-ats-dynamodb.s3-us-west-1.amazonaws.com/pageAlgorithm.jpeg'}, '2019-12-02 02:33:14.769240': {'type': 'TRANSCRIPTS', 'link': 'https://cmpe226-ats-dynamodb.s3-us-west-1.amazonaws.com/4_Create_views.sql'}, '2019-11-30 08:18:56.070920': {'type': 'LOR', 'link': 'https://cmpe226-ats-dynamodb.s3-us-west-1.amazonaws.com/pageAlgorithm.jpeg'}, '2019-12-02 01:45:30.736475': {'type': 'TRANSCRIPTS', 'link': 'https://cmpe226-ats-dynamodb.s3-us-west-1.amazonaws.com/median.png'}, '2019-12-02 01:42:09.694156': {'type': 'COVER-LETTER', 'link': 'https://cmpe226-ats-dynamodb.s3-us-west-1.amazonaws.com/Figure_1.png'}, '2019-12-02 02:33:13.373520': {'type': 'LOR', 'link': 'https://cmpe226-ats-dynamodb.s3-us-west-1.amazonaws.com/New.ipynb'}, '2019-12-02 01:45:25.545710': {'type': 'LOR', 'link': 'https://cmpe226-ats-dynamodb.s3-us-west-1.amazonaws.com/median.png'}, '2019-12-07 23:17:27.674715': {'type': 'COVER-LETTER', 'link': 'https://cmpe226-ats-dynamodb.s3-us-west-1.amazonaws.com/5391custbill12022019.pdf'}}}}
[07-Dec-19 15:17:27] DEBUG in hooks: Event provide-client-params.dynamodb.PutItem: calling handler <function copy_dynamodb_params at 0x7f29f6ef1ae8>
[07-Dec-19 15:17:27] DEBUG in hooks: Event before-parameter-build.dynamodb.PutItem: calling handler <bound method TransformationInjector.inject_condition_expressions of <boto3.dynamodb.transform.TransformationInjector object at 0x7f29f6eb1588>>
[07-Dec-19 15:17:27] DEBUG in hooks: Event before-parameter-build.dynamodb.PutItem: calling handler <bound method TransformationInjector.inject_attribute_value_input of <boto3.dynamodb.transform.TransformationInjector object at 0x7f29f6eb1588>>
[07-Dec-19 15:17:27] DEBUG in hooks: Event before-parameter-build.dynamodb.PutItem: calling handler <function generate_idempotent_uuid at 0x7f2a0618a620>
[07-Dec-19 15:17:27] DEBUG in hooks: Event before-parameter-build.dynamodb.PutItem: calling handler <function block_endpoint_discovery_required_operations at 0x7f2a061ae620>
[07-Dec-19 15:17:27] DEBUG in hooks: Event before-call.dynamodb.PutItem: calling handler <function inject_api_version_header_if_needed at 0x7f2a0618f048>
[07-Dec-19 15:17:27] DEBUG in endpoint: Making request for OperationModel(name=PutItem) with params: {'url_path': '/', 'query_string': '', 'method': 'POST', 'headers': {'X-Amz-Target': 'DynamoDB_20120810.PutItem', 'Content-Type': 'application/x-amz-json-1.0', 'User-Agent': 'Boto3/1.10.28 Python/3.7.3 Linux/5.0.0-37-generic Botocore/1.13.28 Resource'}, 'body': b'{"TableName": "cmpeats", "Item": {"pk": {"N": "1"}, "attachments": {"M": {"2019-12-02 01:44:07.555437": {"M": {"type": {"S": "TRANSCRIPTS"}, "link": {"S": "https://cmpe226-ats-dynamodb.s3-us-west-1.amazonaws.com/New.ipynb"}}}, "2019-12-07 22:47:53.692444": {"M": {"type": {"S": "COVER-LETTER"}, "link": {"S": "https://cmpe226-ats-dynamodb.s3-us-west-1.amazonaws.com/4_Create_views.sql"}}}, "2019-12-02 01:42:20.276509": {"M": {"type": {"S": "LOR"}, "link": {"S": "https://cmpe226-ats-dynamodb.s3-us-west-1.amazonaws.com/mode.png"}}}, "2019-12-02 01:44:08.225623": {"M": {"type": {"S": "COVER-LETTER"}, "link": {"S": "https://cmpe226-ats-dynamodb.s3-us-west-1.amazonaws.com/median.png"}}}, "2019-11-30 08:18:57.226681": {"M": {"type": {"S": "COVER-LETTER"}, "link": {"S": "https://cmpe226-ats-dynamodb.s3-us-west-1.amazonaws.com/pageAlgorithm.jpeg"}}}, "2019-12-02 01:45:49.136269": {"M": {"type": {"S": "TRANSCRIPTS"}, "link": {"S": "https://cmpe226-ats-dynamodb.s3-us-west-1.amazonaws.com/new.png"}}}, "2019-12-02 01:45:19.285701": {"M": {"type": {"S": "COVER-LETTER"}, "link": {"S": "https://cmpe226-ats-dynamodb.s3-us-west-1.amazonaws.com/median.png"}}}, "2019-12-02 01:45:48.441942": {"M": {"type": {"S": "LOR"}, "link": {"S": "https://cmpe226-ats-dynamodb.s3-us-west-1.amazonaws.com/Figure_1.png"}}}, "2019-11-30 08:19:07.363206": {"M": {"type": {"S": "TRANSCRIPTS"}, "link": {"S": "https://cmpe226-ats-dynamodb.s3-us-west-1.amazonaws.com/pageAlgorithm.jpeg"}}}, "2019-12-02 01:44:06.731433": {"M": {"type": {"S": "LOR"}, "link": {"S": "https://cmpe226-ats-dynamodb.s3-us-west-1.amazonaws.com/mode.png"}}}, "2019-11-30 07:39:26.869521": {"M": {"type": {"S": "LOR"}, "link": {"S": "https://cmpe226-ats-dynamo.s3-us-west-1.amazonaws.com/ScreenShot2019-11-24at11.00.20PM.png"}}}, "2019-11-30 08:19:06.411486": {"M": {"type": {"S": "LOR"}, "link": {"S": "https://cmpe226-ats-dynamodb.s3-us-west-1.amazonaws.com/pageAlgorithm.jpeg"}}}, "2019-11-30 07:48:14.555333": {"M": {"type": {"S": "LOR"}, "link": {"S": "https://cmpe226-ats-dynamodb.s3-us-west-1.amazonaws.com/ExtraCredit.pdf"}}}, "2019-12-02 01:45:49.719122": {"M": {"type": {"S": "COVER-LETTER"}, "link": {"S": "https://cmpe226-ats-dynamodb.s3-us-west-1.amazonaws.com/mode.png"}}}, "2019-12-02 01:45:38.186878": {"M": {"type": {"S": "LOR"}, "link": {"S": "https://cmpe226-ats-dynamodb.s3-us-west-1.amazonaws.com/mode.png"}}}, "2019-12-02 01:41:57.674662": {"M": {"type": {"S": "COVER-LETTER"}, "link": {"S": "https://cmpe226-ats-dynamodb.s3-us-west-1.amazonaws.com/mode.png"}}}, "2019-12-02 01:44:06.359058": {"M": {"type": {"S": "LOR"}, "link": {"S": "https://cmpe226-ats-dynamodb.s3-us-west-1.amazonaws.com/mode.png"}}}, "2019-12-02 02:33:15.451048": {"M": {"type": {"S": "COVER-LETTER"}, "link": {"S": "https://cmpe226-ats-dynamodb.s3-us-west-1.amazonaws.com/new.png"}}}, "2019-11-30 08:18:44.415616": {"M": {"type": {"S": "COVER-LETTER"}, "link": {"S": "https://cmpe226-ats-dynamodb.s3-us-west-1.amazonaws.com/pageAlgorithm.jpeg"}}}, "2019-12-02 01:45:38.877641": {"M": {"type": {"S": "COVER-LETTER"}, "link": {"S": "https://cmpe226-ats-dynamodb.s3-us-west-1.amazonaws.com/mode.png"}}}, "2019-12-07 20:20:23.085971": {"M": {"type": {"S": "COVER-LETTER"}, "link": {"S": "https://cmpe226-ats-dynamodb.s3-us-west-1.amazonaws.com/median.png"}}}, "2019-12-07 05:11:31.753075": {"M": {"type": {"S": "COVER-LETTER"}, "link": {"S": "https://cmpe226-ats-dynamodb.s3-us-west-1.amazonaws.com/HomeworkExtraCredit.pdf"}}}, "2019-11-30 08:19:08.694054": {"M": {"type": {"S": "COVER-LETTER"}, "link": {"S": "https://cmpe226-ats-dynamodb.s3-us-west-1.amazonaws.com/pageAlgorithm.jpeg"}}}, "2019-12-02 02:33:14.769240": {"M": {"type": {"S": "TRANSCRIPTS"}, "link": {"S": "https://cmpe226-ats-dynamodb.s3-us-west-1.amazonaws.com/4_Create_views.sql"}}}, "2019-11-30 08:18:56.070920": {"M": {"type": {"S": "LOR"}, "link": {"S": "https://cmpe226-ats-dynamodb.s3-us-west-1.amazonaws.com/pageAlgorithm.jpeg"}}}, "2019-12-02 01:45:30.736475": {"M": {"type": {"S": "TRANSCRIPTS"}, "link": {"S": "https://cmpe226-ats-dynamodb.s3-us-west-1.amazonaws.com/median.png"}}}, "2019-12-02 01:42:09.694156": {"M": {"type": {"S": "COVER-LETTER"}, "link": {"S": "https://cmpe226-ats-dynamodb.s3-us-west-1.amazonaws.com/Figure_1.png"}}}, "2019-12-02 02:33:13.373520": {"M": {"type": {"S": "LOR"}, "link": {"S": "https://cmpe226-ats-dynamodb.s3-us-west-1.amazonaws.com/New.ipynb"}}}, "2019-12-02 01:45:25.545710": {"M": {"type": {"S": "LOR"}, "link": {"S": "https://cmpe226-ats-dynamodb.s3-us-west-1.amazonaws.com/median.png"}}}, "2019-12-07 23:17:27.674715": {"M": {"type": {"S": "COVER-LETTER"}, "link": {"S": "https://cmpe226-ats-dynamodb.s3-us-west-1.amazonaws.com/5391custbill12022019.pdf"}}}}}}}', 'url': 'https://dynamodb.us-west-1.amazonaws.com/', 'context': {'client_region': 'us-west-1', 'client_config': <botocore.config.Config object at 0x7f29f6e93470>, 'has_streaming_input': False, 'auth_type': None}}
[07-Dec-19 15:17:27] DEBUG in hooks: Event request-created.dynamodb.PutItem: calling handler <bound method RequestSigner.handler of <botocore.signers.RequestSigner object at 0x7f29f6e93438>>
[07-Dec-19 15:17:27] DEBUG in hooks: Event choose-signer.dynamodb.PutItem: calling handler <function set_operation_specific_signer at 0x7f2a0618a510>
[07-Dec-19 15:17:27] DEBUG in auth: Calculating signature using v4 auth.
[07-Dec-19 15:17:27] DEBUG in auth: CanonicalRequest:
POST
/

content-type:application/x-amz-json-1.0
host:dynamodb.us-west-1.amazonaws.com
x-amz-date:20191207T231727Z
x-amz-target:DynamoDB_20120810.PutItem

content-type;host;x-amz-date;x-amz-target
650ce839b045e76bca96a0dec8c02828ef082094e17c14352ad65a8d4336ecf7
[07-Dec-19 15:17:27] DEBUG in auth: StringToSign:
AWS4-HMAC-SHA256
20191207T231727Z
20191207/us-west-1/dynamodb/aws4_request
30ab4ddd4e18cf63abaa584b3109eb58ca0bf5986650bd939c42c4235e74902f
[07-Dec-19 15:17:27] DEBUG in auth: Signature:
c8226eaf92fc5f077b1361573354f86e67851a4719e1476772796870813b616c
[07-Dec-19 15:17:27] DEBUG in endpoint: Sending http request: <AWSPreparedRequest stream_output=False, method=POST, url=https://dynamodb.us-west-1.amazonaws.com/, headers={'X-Amz-Target': b'DynamoDB_20120810.PutItem', 'Content-Type': b'application/x-amz-json-1.0', 'User-Agent': b'Boto3/1.10.28 Python/3.7.3 Linux/5.0.0-37-generic Botocore/1.13.28 Resource', 'X-Amz-Date': b'20191207T231727Z', 'Authorization': b'AWS4-HMAC-SHA256 Credential=***REMOVED***/20191207/us-west-1/dynamodb/aws4_request, SignedHeaders=content-type;host;x-amz-date;x-amz-target, Signature=c8226eaf92fc5f077b1361573354f86e67851a4719e1476772796870813b616c', 'Content-Length': '4724'}>
[07-Dec-19 15:17:27] DEBUG in connectionpool: Starting new HTTPS connection (1): dynamodb.us-west-1.amazonaws.com:443
[07-Dec-19 15:17:27] DEBUG in connectionpool: https://dynamodb.us-west-1.amazonaws.com:443 "POST / HTTP/1.1" 200 2
[07-Dec-19 15:17:27] DEBUG in parsers: Response headers: {'Server': 'Server', 'Date': 'Sat, 07 Dec 2019 23:17:27 GMT', 'Content-Type': 'application/x-amz-json-1.0', 'Content-Length': '2', 'Connection': 'keep-alive', 'x-amzn-RequestId': 'FGHRBS1G9B3ROE2RC4191KB4KVVV4KQNSO5AEMVJF66Q9ASUAAJG', 'x-amz-crc32': '2745614147'}
[07-Dec-19 15:17:27] DEBUG in parsers: Response body:
b'{}'
[07-Dec-19 15:17:27] DEBUG in hooks: Event needs-retry.dynamodb.PutItem: calling handler <botocore.retryhandler.RetryHandler object at 0x7f29f6ea4a58>
[07-Dec-19 15:17:27] DEBUG in retryhandler: No retry needed.
[07-Dec-19 15:17:27] DEBUG in hooks: Event after-call.dynamodb.PutItem: calling handler <bound method TransformationInjector.inject_attribute_value_output of <boto3.dynamodb.transform.TransformationInjector object at 0x7f29f6eb1588>>
[07-Dec-19 15:17:27] DEBUG in action: Response: {'ResponseMetadata': {'RequestId': 'FGHRBS1G9B3ROE2RC4191KB4KVVV4KQNSO5AEMVJF66Q9ASUAAJG', 'HTTPStatusCode': 200, 'HTTPHeaders': {'server': 'Server', 'date': 'Sat, 07 Dec 2019 23:17:27 GMT', 'content-type': 'application/x-amz-json-1.0', 'content-length': '2', 'connection': 'keep-alive', 'x-amzn-requestid': 'FGHRBS1G9B3ROE2RC4191KB4KVVV4KQNSO5AEMVJF66Q9ASUAAJG', 'x-amz-crc32': '2745614147'}, 'RetryAttempts': 0}}
[07-Dec-19 15:17:27] INFO in _internal: 127.0.0.1 - - [07/Dec/2019 15:17:27] "POST /applicant-attachments HTTP/1.1" 302 -
[07-Dec-19 15:17:27] INFO in _internal: 127.0.0.1 - - [07/Dec/2019 15:17:27] "GET /applicant-view HTTP/1.1" 200 -
[07-Dec-19 15:17:28] INFO in _internal: 127.0.0.1 - - [07/Dec/2019 15:17:28] "GET /logout HTTP/1.1" 302 -
[07-Dec-19 15:17:28] INFO in _internal: 127.0.0.1 - - [07/Dec/2019 15:17:28] "GET /login HTTP/1.1" 200 -
[07-Dec-19 15:17:30] INFO in _internal: 127.0.0.1 - - [07/Dec/2019 15:17:30] "GET /staff-login HTTP/1.1" 200 -
[07-Dec-19 15:17:34] DEBUG in views: Recruiter User Logged In
[07-Dec-19 15:17:34] INFO in _internal: 127.0.0.1 - - [07/Dec/2019 15:17:34] "POST /staff-login HTTP/1.1" 302 -
[07-Dec-19 15:17:34] INFO in _internal: 127.0.0.1 - - [07/Dec/2019 15:17:34] "GET /staff-jobs-view-create HTTP/1.1" 200 -
[07-Dec-19 15:17:41] INFO in _internal: 127.0.0.1 - - [07/Dec/2019 15:17:41] "POST /staff-jobs-view-create HTTP/1.1" 500 -
[07-Dec-19 15:17:41] INFO in _internal: 127.0.0.1 - - [07/Dec/2019 15:17:41] "GET /staff-jobs-view-create?__debugger__=yes&cmd=resource&f=style.css HTTP/1.1" 200 -
[07-Dec-19 15:17:41] INFO in _internal: 127.0.0.1 - - [07/Dec/2019 15:17:41] "GET /staff-jobs-view-create?__debugger__=yes&cmd=resource&f=jquery.js HTTP/1.1" 200 -
[07-Dec-19 15:17:41] INFO in _internal: 127.0.0.1 - - [07/Dec/2019 15:17:41] "GET /staff-jobs-view-create?__debugger__=yes&cmd=resource&f=debugger.js HTTP/1.1" 200 -
[07-Dec-19 15:17:41] INFO in _internal: 127.0.0.1 - - [07/Dec/2019 15:17:41] "GET /staff-jobs-view-create?__debugger__=yes&cmd=resource&f=console.png HTTP/1.1" 200 -
[07-Dec-19 15:17:41] INFO in _internal: 127.0.0.1 - - [07/Dec/2019 15:17:41] "GET /staff-jobs-view-create?__debugger__=yes&cmd=resource&f=console.png HTTP/1.1" 200 -
[07-Dec-19 15:18:25] INFO in _internal:  * Detected change in '/media/farhaan/New Volume/Masters/CMPE226_TEAM1_SOURCES/DB-Application directory/project/staff/views.py', reloading
[07-Dec-19 15:18:25] INFO in _internal:  * Restarting with stat
[07-Dec-19 15:18:25] WARNING in _internal:  * Debugger is active!
[07-Dec-19 15:18:25] INFO in _internal:  * Debugger PIN: 242-514-371
[07-Dec-19 15:18:28] INFO in _internal: 127.0.0.1 - - [07/Dec/2019 15:18:28] "GET /staff-jobs-view-create HTTP/1.1" 200 -
[07-Dec-19 15:18:32] DEBUG in views: asdasd Reviewed for Job Job Title 1
[07-Dec-19 15:18:32] INFO in _internal: 127.0.0.1 - - [07/Dec/2019 15:18:32] "POST /staff-jobs-view-create HTTP/1.1" 200 -
[07-Dec-19 15:18:37] DEBUG in views: asdasd Rejected for Job Job Title 1
[07-Dec-19 15:18:37] INFO in _internal: 127.0.0.1 - - [07/Dec/2019 15:18:37] "POST /staff-jobs-view-create HTTP/1.1" 200 -
[07-Dec-19 15:18:41] DEBUG in views: asdasd Interviewed for Job Job Title 2
[07-Dec-19 15:18:41] INFO in _internal: 127.0.0.1 - - [07/Dec/2019 15:18:41] "POST /staff-jobs-view-create HTTP/1.1" 200 -
[07-Dec-19 15:18:46] DEBUG in views: asdasd Offered for Job Job Title 3
[07-Dec-19 15:18:46] INFO in _internal: 127.0.0.1 - - [07/Dec/2019 15:18:46] "POST /staff-jobs-view-create HTTP/1.1" 200 -
[07-Dec-19 15:18:49] DEBUG in views: asdasd Hired for Job Job Title 1
[07-Dec-19 15:18:49] INFO in _internal: 127.0.0.1 - - [07/Dec/2019 15:18:49] "POST /staff-jobs-view-create HTTP/1.1" 200 -
[07-Dec-19 15:18:51] DEBUG in emails: Job confirmation email sent to asdasd
[07-Dec-19 15:22:17] INFO in _internal:  * Running on http://127.0.0.1:5000/ (Press CTRL+C to quit)
[07-Dec-19 15:22:17] INFO in _internal:  * Restarting with stat
[07-Dec-19 15:22:17] WARNING in _internal:  * Debugger is active!
[07-Dec-19 15:22:17] INFO in _internal:  * Debugger PIN: 242-514-371
[07-Dec-19 15:22:19] INFO in _internal: 127.0.0.1 - - [07/Dec/2019 15:22:19] "GET /logout HTTP/1.1" 302 -
[07-Dec-19 15:22:19] INFO in _internal: 127.0.0.1 - - [07/Dec/2019 15:22:19] "GET /login HTTP/1.1" 200 -
[07-Dec-19 15:22:22] INFO in _internal: 127.0.0.1 - - [07/Dec/2019 15:22:22] "GET /register HTTP/1.1" 200 -
[07-Dec-19 15:22:22] INFO in _internal: 127.0.0.1 - - [07/Dec/2019 15:22:22] "GET /staff-login HTTP/1.1" 200 -
[07-Dec-19 15:22:24] INFO in _internal: 127.0.0.1 - - [07/Dec/2019 15:22:24] "GET /register HTTP/1.1" 200 -
[07-Dec-19 15:22:42] INFO in _internal: 127.0.0.1 - - [07/Dec/2019 15:22:42] "GET /register HTTP/1.1" 200 -
[07-Dec-19 15:22:44] INFO in _internal: 127.0.0.1 - - [07/Dec/2019 15:22:44] "GET /staff-login HTTP/1.1" 200 -
[07-Dec-19 15:22:48] INFO in _internal: 127.0.0.1 - - [07/Dec/2019 15:22:48] "GET /admin-view HTTP/1.1" 200 -
[07-Dec-19 15:22:49] INFO in _internal: 127.0.0.1 - - [07/Dec/2019 15:22:49] "GET /login HTTP/1.1" 200 -
[07-Dec-19 15:22:50] INFO in _internal: 127.0.0.1 - - [07/Dec/2019 15:22:50] "GET / HTTP/1.1" 200 -
[07-Dec-19 15:22:52] INFO in _internal: 127.0.0.1 - - [07/Dec/2019 15:22:52] "GET /login HTTP/1.1" 200 -
[08-Dec-19 16:01:40] INFO in _internal:  * Running on http://127.0.0.1:5000/ (Press CTRL+C to quit)
[08-Dec-19 16:01:40] INFO in _internal:  * Restarting with stat
[08-Dec-19 16:01:40] WARNING in _internal:  * Debugger is active!
[08-Dec-19 16:01:40] INFO in _internal:  * Debugger PIN: 242-514-371
[08-Dec-19 16:01:44] INFO in _internal: 127.0.0.1 - - [08/Dec/2019 16:01:44] "GET / HTTP/1.1" 200 -
[08-Dec-19 16:01:44] INFO in handler: Page Not Found
[08-Dec-19 16:01:44] INFO in _internal: 127.0.0.1 - - [08/Dec/2019 16:01:44] "GET /favicon.ico HTTP/1.1" 404 -
[08-Dec-19 16:01:51] INFO in _internal: 127.0.0.1 - - [08/Dec/2019 16:01:51] "GET /admin-view HTTP/1.1" 200 -
[08-Dec-19 16:01:58] DEBUG in views: patel.farhaaan@gmail.com Logged In
[08-Dec-19 16:01:58] INFO in _internal: 127.0.0.1 - - [08/Dec/2019 16:01:58] "POST /admin-view HTTP/1.1" 302 -
[08-Dec-19 16:01:58] INFO in _internal: 127.0.0.1 - - [08/Dec/2019 16:01:58] "GET /create-rc-hr-accounts HTTP/1.1" 200 -
[08-Dec-19 16:02:16] DEBUG in views: New employee hr2 created
[08-Dec-19 16:02:16] INFO in _internal: 127.0.0.1 - - [08/Dec/2019 16:02:16] "POST /create-rc-hr-accounts HTTP/1.1" 302 -
[08-Dec-19 16:02:16] INFO in _internal: 127.0.0.1 - - [08/Dec/2019 16:02:16] "GET /create-rc-hr-accounts HTTP/1.1" 200 -
[08-Dec-19 16:02:23] INFO in _internal: 127.0.0.1 - - [08/Dec/2019 16:02:23] "GET /logout HTTP/1.1" 302 -
[08-Dec-19 16:02:23] INFO in _internal: 127.0.0.1 - - [08/Dec/2019 16:02:23] "GET /login HTTP/1.1" 200 -
[08-Dec-19 16:02:27] INFO in _internal: 127.0.0.1 - - [08/Dec/2019 16:02:27] "GET /staff-login HTTP/1.1" 200 -
[08-Dec-19 16:02:34] DEBUG in views: hr2 User Logged In
[08-Dec-19 16:02:34] INFO in _internal: 127.0.0.1 - - [08/Dec/2019 16:02:34] "POST /staff-login HTTP/1.1" 302 -
[08-Dec-19 16:02:34] INFO in _internal: 127.0.0.1 - - [08/Dec/2019 16:02:34] "GET /staff-jobs-view-create HTTP/1.1" 200 -
[08-Dec-19 16:03:14] INFO in _internal: 127.0.0.1 - - [08/Dec/2019 16:03:14] "GET /logout HTTP/1.1" 302 -
[08-Dec-19 16:03:14] INFO in _internal: 127.0.0.1 - - [08/Dec/2019 16:03:14] "GET /login HTTP/1.1" 200 -
[08-Dec-19 16:03:15] INFO in _internal: 127.0.0.1 - - [08/Dec/2019 16:03:15] "GET /register HTTP/1.1" 200 -
[08-Dec-19 16:03:18] INFO in _internal: 127.0.0.1 - - [08/Dec/2019 16:03:18] "GET /login HTTP/1.1" 200 -
[08-Dec-19 16:03:21] DEBUG in views: Applicant asdasd Logged In
[08-Dec-19 16:03:21] INFO in _internal: 127.0.0.1 - - [08/Dec/2019 16:03:21] "POST /login HTTP/1.1" 302 -
[08-Dec-19 16:03:21] INFO in _internal: 127.0.0.1 - - [08/Dec/2019 16:03:21] "GET /applicant-view HTTP/1.1" 200 -
[08-Dec-19 16:03:23] INFO in _internal: 127.0.0.1 - - [08/Dec/2019 16:03:23] "POST /applicant-view HTTP/1.1" 302 -
[08-Dec-19 16:03:23] INFO in _internal: 127.0.0.1 - - [08/Dec/2019 16:03:23] "GET /applicant-view HTTP/1.1" 200 -
[08-Dec-19 16:03:25] INFO in _internal: 127.0.0.1 - - [08/Dec/2019 16:03:25] "GET /logout HTTP/1.1" 302 -
[08-Dec-19 16:03:25] INFO in _internal: 127.0.0.1 - - [08/Dec/2019 16:03:25] "GET /login HTTP/1.1" 200 -
[08-Dec-19 16:03:26] INFO in _internal: 127.0.0.1 - - [08/Dec/2019 16:03:26] "GET /register HTTP/1.1" 200 -
[08-Dec-19 16:03:27] INFO in _internal: 127.0.0.1 - - [08/Dec/2019 16:03:27] "GET /staff-login HTTP/1.1" 200 -
[08-Dec-19 16:03:33] DEBUG in views: hr2 User Logged In
[08-Dec-19 16:03:33] INFO in _internal: 127.0.0.1 - - [08/Dec/2019 16:03:33] "POST /staff-login HTTP/1.1" 302 -
[08-Dec-19 16:03:33] INFO in _internal: 127.0.0.1 - - [08/Dec/2019 16:03:33] "GET /staff-jobs-view-create HTTP/1.1" 200 -
[08-Dec-19 16:03:48] INFO in _internal: 127.0.0.1 - - [08/Dec/2019 16:03:48] "GET /logout HTTP/1.1" 302 -
[08-Dec-19 16:03:48] INFO in _internal: 127.0.0.1 - - [08/Dec/2019 16:03:48] "GET /login HTTP/1.1" 200 -
[08-Dec-19 16:03:49] INFO in _internal: 127.0.0.1 - - [08/Dec/2019 16:03:49] "GET /staff-login HTTP/1.1" 200 -
[08-Dec-19 16:03:54] DEBUG in views: Recruiter User Logged In
[08-Dec-19 16:03:54] INFO in _internal: 127.0.0.1 - - [08/Dec/2019 16:03:54] "POST /staff-login HTTP/1.1" 302 -
[08-Dec-19 16:03:54] INFO in _internal: 127.0.0.1 - - [08/Dec/2019 16:03:54] "GET /staff-jobs-view-create HTTP/1.1" 200 -
[08-Dec-19 16:06:05] DEBUG in views: asdasd Rejected for Job Job Title 1
[08-Dec-19 16:06:05] INFO in _internal: 127.0.0.1 - - [08/Dec/2019 16:06:05] "POST /staff-jobs-view-create HTTP/1.1" 200 -
[08-Dec-19 16:07:31] INFO in _internal:  * Detected change in '/media/farhaan/New Volume/Masters/CMPE226_TEAM1_SOURCES/DB-Application directory/project/staff/views.py', reloading
[08-Dec-19 16:07:31] INFO in _internal:  * Restarting with stat
[08-Dec-19 16:07:31] WARNING in _internal:  * Debugger is active!
[08-Dec-19 16:07:31] INFO in _internal:  * Debugger PIN: 242-514-371
[08-Dec-19 16:07:32] DEBUG in views: asdasd Rejected for Job Job Title 1
[08-Dec-19 16:07:32] INFO in _internal: 127.0.0.1 - - [08/Dec/2019 16:07:32] "POST /staff-jobs-view-create HTTP/1.1" 200 -
[08-Dec-19 16:07:59] DEBUG in views: asdasd Rejected for Job Job Title 1
[08-Dec-19 16:07:59] INFO in _internal: 127.0.0.1 - - [08/Dec/2019 16:07:59] "POST /staff-jobs-view-create HTTP/1.1" 200 -
[08-Dec-19 16:08:12] INFO in _internal:  * Running on http://127.0.0.1:5000/ (Press CTRL+C to quit)
[08-Dec-19 16:08:12] INFO in _internal:  * Restarting with stat
[08-Dec-19 16:08:12] WARNING in _internal:  * Debugger is active!
[08-Dec-19 16:08:12] INFO in _internal:  * Debugger PIN: 242-514-371
[08-Dec-19 16:08:15] DEBUG in views: asdasd Rejected for Job Job Title 1
[08-Dec-19 16:08:15] INFO in _internal: 127.0.0.1 - - [08/Dec/2019 16:08:15] "POST /staff-jobs-view-create HTTP/1.1" 200 -
[08-Dec-19 16:08:25] INFO in _internal: 127.0.0.1 - - [08/Dec/2019 16:08:25] "GET /logout HTTP/1.1" 302 -
[08-Dec-19 16:08:25] INFO in _internal: 127.0.0.1 - - [08/Dec/2019 16:08:25] "GET /login HTTP/1.1" 200 -
[08-Dec-19 16:08:27] INFO in _internal: 127.0.0.1 - - [08/Dec/2019 16:08:27] "GET /staff-login HTTP/1.1" 200 -
[08-Dec-19 16:08:31] DEBUG in views: Hiring Manager 1 User Logged In
[08-Dec-19 16:08:31] INFO in _internal: 127.0.0.1 - - [08/Dec/2019 16:08:31] "POST /staff-login HTTP/1.1" 302 -
[08-Dec-19 16:08:31] INFO in _internal: 127.0.0.1 - - [08/Dec/2019 16:08:31] "GET /staff-jobs-view-create HTTP/1.1" 200 -
[08-Dec-19 16:08:44] INFO in _internal:  * Detected change in '/media/farhaan/New Volume/Masters/CMPE226_TEAM1_SOURCES/DB-Application directory/project/staff/views.py', reloading
[08-Dec-19 16:08:44] INFO in _internal:  * Restarting with stat
[08-Dec-19 16:08:45] WARNING in _internal:  * Debugger is active!
[08-Dec-19 16:08:45] INFO in _internal:  * Debugger PIN: 242-514-371
[08-Dec-19 16:08:45] INFO in _internal: 127.0.0.1 - - [08/Dec/2019 16:08:45] "GET /staff-jobs-view-create HTTP/1.1" 200 -
[08-Dec-19 16:09:45] INFO in _internal:  * Detected change in '/media/farhaan/New Volume/Masters/CMPE226_TEAM1_SOURCES/DB-Application directory/project/staff/views.py', reloading
[08-Dec-19 16:09:45] INFO in _internal:  * Restarting with stat
[08-Dec-19 16:09:46] WARNING in _internal:  * Debugger is active!
[08-Dec-19 16:09:46] INFO in _internal:  * Debugger PIN: 242-514-371
[08-Dec-19 16:09:49] INFO in _internal:  * Running on http://127.0.0.1:5000/ (Press CTRL+C to quit)
[08-Dec-19 16:09:49] INFO in _internal:  * Restarting with stat
[08-Dec-19 16:09:49] WARNING in _internal:  * Debugger is active!
[08-Dec-19 16:09:49] INFO in _internal:  * Debugger PIN: 242-514-371
[08-Dec-19 16:10:21] INFO in _internal:  * Detected change in '/media/farhaan/New Volume/Masters/CMPE226_TEAM1_SOURCES/DB-Application directory/project/staff/views.py', reloading
[08-Dec-19 16:10:21] INFO in _internal:  * Restarting with stat
[08-Dec-19 16:10:21] WARNING in _internal:  * Debugger is active!
[08-Dec-19 16:10:21] INFO in _internal:  * Debugger PIN: 242-514-371
[08-Dec-19 16:10:24] INFO in _internal: 127.0.0.1 - - [08/Dec/2019 16:10:24] "GET /staff-jobs-view-create HTTP/1.1" 200 -
[08-Dec-19 16:10:27] INFO in _internal: 127.0.0.1 - - [08/Dec/2019 16:10:27] "GET /logout HTTP/1.1" 302 -
[08-Dec-19 16:10:27] INFO in _internal: 127.0.0.1 - - [08/Dec/2019 16:10:27] "GET /login HTTP/1.1" 200 -
[08-Dec-19 16:10:28] INFO in _internal: 127.0.0.1 - - [08/Dec/2019 16:10:28] "GET /staff-login HTTP/1.1" 200 -
[08-Dec-19 16:10:34] DEBUG in views: hr2 User Logged In
[08-Dec-19 16:10:34] INFO in _internal: 127.0.0.1 - - [08/Dec/2019 16:10:34] "POST /staff-login HTTP/1.1" 302 -
[08-Dec-19 16:10:34] INFO in _internal: 127.0.0.1 - - [08/Dec/2019 16:10:34] "GET /staff-jobs-view-create HTTP/1.1" 200 -
[08-Dec-19 16:11:23] INFO in create_admin: Engineering Department Created
[08-Dec-19 16:11:23] INFO in create_admin: Finance Department Created
[08-Dec-19 16:11:23] INFO in create_admin: First Admin User Created
[08-Dec-19 16:11:23] INFO in create_admin: Second Admin User Created
[08-Dec-19 16:11:28] INFO in pre_populate_script: Hiring Manager 1 Created
[08-Dec-19 16:11:28] INFO in pre_populate_script: Hiring Manager 2 Created
[08-Dec-19 16:11:29] INFO in pre_populate_script: Recruiter Created
[08-Dec-19 16:11:29] INFO in pre_populate_script: Job 1 Created
[08-Dec-19 16:11:29] INFO in pre_populate_script: Job 2 Created
[08-Dec-19 16:11:29] INFO in pre_populate_script: Job 3 Created
[08-Dec-19 16:12:18] INFO in _internal:  * Running on http://127.0.0.1:5000/ (Press CTRL+C to quit)
[08-Dec-19 16:12:18] INFO in _internal:  * Restarting with stat
[08-Dec-19 16:12:18] WARNING in _internal:  * Debugger is active!
[08-Dec-19 16:12:18] INFO in _internal:  * Debugger PIN: 242-514-371
[08-Dec-19 16:12:22] INFO in _internal: 127.0.0.1 - - [08/Dec/2019 16:12:22] "GET /logout HTTP/1.1" 302 -
[08-Dec-19 16:12:22] INFO in _internal: 127.0.0.1 - - [08/Dec/2019 16:12:22] "GET /login?next=%2Flogout HTTP/1.1" 200 -
[08-Dec-19 16:12:25] INFO in _internal: 127.0.0.1 - - [08/Dec/2019 16:12:25] "GET /staff-login HTTP/1.1" 200 -
[08-Dec-19 16:12:30] DEBUG in views: Hiring Manager 1 User Logged In
[08-Dec-19 16:12:30] INFO in _internal: 127.0.0.1 - - [08/Dec/2019 16:12:30] "POST /staff-login HTTP/1.1" 302 -
[08-Dec-19 16:12:30] INFO in _internal: 127.0.0.1 - - [08/Dec/2019 16:12:30] "GET /staff-jobs-view-create HTTP/1.1" 200 -
[08-Dec-19 16:12:34] INFO in _internal: 127.0.0.1 - - [08/Dec/2019 16:12:34] "GET /logout HTTP/1.1" 302 -
[08-Dec-19 16:12:34] INFO in _internal: 127.0.0.1 - - [08/Dec/2019 16:12:34] "GET /login HTTP/1.1" 200 -
[08-Dec-19 16:12:35] INFO in _internal: 127.0.0.1 - - [08/Dec/2019 16:12:35] "GET /register HTTP/1.1" 200 -
[08-Dec-19 16:12:49] DEBUG in views: New Applicant app1 Registered
[08-Dec-19 16:12:49] DEBUG in hooks: Changing event name from creating-client-class.iot-data to creating-client-class.iot-data-plane
[08-Dec-19 16:12:49] DEBUG in hooks: Changing event name from before-call.apigateway to before-call.api-gateway
[08-Dec-19 16:12:49] DEBUG in hooks: Changing event name from request-created.machinelearning.Predict to request-created.machine-learning.Predict
[08-Dec-19 16:12:49] DEBUG in hooks: Changing event name from before-parameter-build.autoscaling.CreateLaunchConfiguration to before-parameter-build.auto-scaling.CreateLaunchConfiguration
[08-Dec-19 16:12:49] DEBUG in hooks: Changing event name from before-parameter-build.route53 to before-parameter-build.route-53
[08-Dec-19 16:12:49] DEBUG in hooks: Changing event name from request-created.cloudsearchdomain.Search to request-created.cloudsearch-domain.Search
[08-Dec-19 16:12:49] DEBUG in hooks: Changing event name from docs.*.autoscaling.CreateLaunchConfiguration.complete-section to docs.*.auto-scaling.CreateLaunchConfiguration.complete-section
[08-Dec-19 16:12:49] DEBUG in hooks: Changing event name from before-parameter-build.logs.CreateExportTask to before-parameter-build.cloudwatch-logs.CreateExportTask
[08-Dec-19 16:12:49] DEBUG in hooks: Changing event name from docs.*.logs.CreateExportTask.complete-section to docs.*.cloudwatch-logs.CreateExportTask.complete-section
[08-Dec-19 16:12:49] DEBUG in hooks: Changing event name from before-parameter-build.cloudsearchdomain.Search to before-parameter-build.cloudsearch-domain.Search
[08-Dec-19 16:12:49] DEBUG in hooks: Changing event name from docs.*.cloudsearchdomain.Search.complete-section to docs.*.cloudsearch-domain.Search.complete-section
[08-Dec-19 16:12:49] DEBUG in loaders: Loading JSON file: /home/farhaan/.local/lib/python3.7/site-packages/botocore/data/endpoints.json
[08-Dec-19 16:12:49] DEBUG in hooks: Event choose-service-name: calling handler <function handle_service_name_alias at 0x7f14c3daf158>
[08-Dec-19 16:12:49] DEBUG in loaders: Loading JSON file: /home/farhaan/.local/lib/python3.7/site-packages/botocore/data/s3/2006-03-01/service-2.json
[08-Dec-19 16:12:49] DEBUG in hooks: Event creating-client-class.s3: calling handler <function add_generate_presigned_post at 0x7f14c3da3d90>
[08-Dec-19 16:12:49] DEBUG in hooks: Event creating-client-class.s3: calling handler <function lazy_call.<locals>._handler at 0x7f14c2aba488>
[08-Dec-19 16:12:50] DEBUG in hooks: Event creating-client-class.s3: calling handler <function add_generate_presigned_url at 0x7f14c3da3b70>
[08-Dec-19 16:12:50] DEBUG in args: The s3 config key is not a dictionary type, ignoring its value of: None
[08-Dec-19 16:12:50] DEBUG in endpoint: Setting s3 timeout as (60, 60)
[08-Dec-19 16:12:50] DEBUG in loaders: Loading JSON file: /home/farhaan/.local/lib/python3.7/site-packages/botocore/data/_retry.json
[08-Dec-19 16:12:50] DEBUG in client: Registering retry handlers for service: s3
[08-Dec-19 16:12:50] DEBUG in client: Defaulting to S3 virtual host style addressing with path style addressing fallback.
[08-Dec-19 16:12:50] DEBUG in utils: Acquiring 0
[08-Dec-19 16:12:50] DEBUG in tasks: UploadSubmissionTask(transfer_id=0, {'transfer_future': <s3transfer.futures.TransferFuture object at 0x7f14c2663b70>}) about to wait for the following futures []
[08-Dec-19 16:12:50] DEBUG in tasks: UploadSubmissionTask(transfer_id=0, {'transfer_future': <s3transfer.futures.TransferFuture object at 0x7f14c2663b70>}) done waiting for dependent futures
[08-Dec-19 16:12:50] DEBUG in tasks: Executing task UploadSubmissionTask(transfer_id=0, {'transfer_future': <s3transfer.futures.TransferFuture object at 0x7f14c2663b70>}) with kwargs {'client': <botocore.client.S3 object at 0x7f14c289c198>, 'config': <boto3.s3.transfer.TransferConfig object at 0x7f14c26634e0>, 'osutil': <s3transfer.utils.OSUtils object at 0x7f14c2663550>, 'request_executor': <s3transfer.futures.BoundedExecutor object at 0x7f14c26636d8>, 'transfer_future': <s3transfer.futures.TransferFuture object at 0x7f14c2663b70>}
[08-Dec-19 16:12:50] DEBUG in futures: Submitting task PutObjectTask(transfer_id=0, {'bucket': 'cmpe226-ats2', 'key': 'HW5_Q3.docx', 'extra_args': {'ACL': 'public-read'}}) to executor <s3transfer.futures.BoundedExecutor object at 0x7f14c26636d8> for transfer request: 0.
[08-Dec-19 16:12:50] DEBUG in utils: Acquiring 0
[08-Dec-19 16:12:50] DEBUG in tasks: PutObjectTask(transfer_id=0, {'bucket': 'cmpe226-ats2', 'key': 'HW5_Q3.docx', 'extra_args': {'ACL': 'public-read'}}) about to wait for the following futures []
[08-Dec-19 16:12:50] DEBUG in utils: Releasing acquire 0/None
[08-Dec-19 16:12:50] DEBUG in tasks: PutObjectTask(transfer_id=0, {'bucket': 'cmpe226-ats2', 'key': 'HW5_Q3.docx', 'extra_args': {'ACL': 'public-read'}}) done waiting for dependent futures
[08-Dec-19 16:12:50] DEBUG in tasks: Executing task PutObjectTask(transfer_id=0, {'bucket': 'cmpe226-ats2', 'key': 'HW5_Q3.docx', 'extra_args': {'ACL': 'public-read'}}) with kwargs {'client': <botocore.client.S3 object at 0x7f14c289c198>, 'fileobj': <s3transfer.utils.ReadFileChunk object at 0x7f14c2663dd8>, 'bucket': 'cmpe226-ats2', 'key': 'HW5_Q3.docx', 'extra_args': {'ACL': 'public-read'}}
[08-Dec-19 16:12:50] DEBUG in hooks: Event before-parameter-build.s3.PutObject: calling handler <function validate_ascii_metadata at 0x7f14c3d5e620>
[08-Dec-19 16:12:50] DEBUG in hooks: Event before-parameter-build.s3.PutObject: calling handler <function sse_md5 at 0x7f14c3d5aa60>
[08-Dec-19 16:12:50] DEBUG in hooks: Event before-parameter-build.s3.PutObject: calling handler <function convert_body_to_file_like_object at 0x7f14c3d5eea0>
[08-Dec-19 16:12:50] DEBUG in hooks: Event before-parameter-build.s3.PutObject: calling handler <function validate_bucket_name at 0x7f14c3d5a9d8>
[08-Dec-19 16:12:50] DEBUG in hooks: Event before-parameter-build.s3.PutObject: calling handler <bound method S3RegionRedirector.redirect_from_cache of <botocore.utils.S3RegionRedirector object at 0x7f14c27f8dd8>>
[08-Dec-19 16:12:50] DEBUG in hooks: Event before-parameter-build.s3.PutObject: calling handler <function generate_idempotent_uuid at 0x7f14c3d5a620>
[08-Dec-19 16:12:50] DEBUG in hooks: Event before-call.s3.PutObject: calling handler <function conditionally_calculate_md5 at 0x7f14c3d5a950>
[08-Dec-19 16:12:50] DEBUG in hooks: Event before-call.s3.PutObject: calling handler <function add_expect_header at 0x7f14c3d5ad08>
[08-Dec-19 16:12:50] DEBUG in handlers: Adding expect 100 continue header to request.
[08-Dec-19 16:12:50] DEBUG in hooks: Event before-call.s3.PutObject: calling handler <bound method S3RegionRedirector.set_request_url of <botocore.utils.S3RegionRedirector object at 0x7f14c27f8dd8>>
[08-Dec-19 16:12:50] DEBUG in hooks: Event before-call.s3.PutObject: calling handler <function inject_api_version_header_if_needed at 0x7f14c3d5f048>
[08-Dec-19 16:12:50] DEBUG in endpoint: Making request for OperationModel(name=PutObject) with params: {'url_path': '/cmpe226-ats2/HW5_Q3.docx', 'query_string': {}, 'method': 'PUT', 'headers': {'x-amz-acl': 'public-read', 'User-Agent': 'Boto3/1.10.28 Python/3.7.3 Linux/5.0.0-37-generic Botocore/1.13.28', 'Content-MD5': 'r8V1eycd3cuOmU0q8QCRyg==', 'Expect': '100-continue'}, 'body': <s3transfer.utils.ReadFileChunk object at 0x7f14c2663dd8>, 'url': 'https://s3.amazonaws.com/cmpe226-ats2/HW5_Q3.docx', 'context': {'client_region': 'us-east-1', 'client_config': <botocore.config.Config object at 0x7f14c289cb00>, 'has_streaming_input': True, 'auth_type': None, 'signing': {'bucket': 'cmpe226-ats2'}}}
[08-Dec-19 16:12:50] DEBUG in hooks: Event request-created.s3.PutObject: calling handler <function signal_not_transferring at 0x7f14c28276a8>
[08-Dec-19 16:12:50] DEBUG in hooks: Event request-created.s3.PutObject: calling handler <bound method RequestSigner.handler of <botocore.signers.RequestSigner object at 0x7f14c289c6d8>>
[08-Dec-19 16:12:50] DEBUG in hooks: Event choose-signer.s3.PutObject: calling handler <bound method ClientCreator._default_s3_presign_to_sigv2 of <botocore.client.ClientCreator object at 0x7f14c293c518>>
[08-Dec-19 16:12:50] DEBUG in hooks: Event choose-signer.s3.PutObject: calling handler <function set_operation_specific_signer at 0x7f14c3d5a510>
[08-Dec-19 16:12:50] DEBUG in hooks: Event before-sign.s3.PutObject: calling handler <function fix_s3_host at 0x7f14c3e7f620>
[08-Dec-19 16:12:50] DEBUG in utils: Checking for DNS compatible bucket for: https://s3.amazonaws.com/cmpe226-ats2/HW5_Q3.docx
[08-Dec-19 16:12:50] DEBUG in utils: URI updated to: https://cmpe226-ats2.s3.amazonaws.com/HW5_Q3.docx
[08-Dec-19 16:12:50] DEBUG in auth: Calculating signature using v4 auth.
[08-Dec-19 16:12:50] DEBUG in auth: CanonicalRequest:
PUT
/HW5_Q3.docx

content-md5:r8V1eycd3cuOmU0q8QCRyg==
host:cmpe226-ats2.s3.amazonaws.com
x-amz-acl:public-read
x-amz-content-sha256:UNSIGNED-PAYLOAD
x-amz-date:20191209T001250Z

content-md5;host;x-amz-acl;x-amz-content-sha256;x-amz-date
UNSIGNED-PAYLOAD
[08-Dec-19 16:12:50] DEBUG in auth: StringToSign:
AWS4-HMAC-SHA256
20191209T001250Z
20191209/us-east-1/s3/aws4_request
0a0a245495442776bf1c2b6a0ce330c4241a71fa6e82287a799632f5c83cdddb
[08-Dec-19 16:12:50] DEBUG in auth: Signature:
75eeba23eff08163314170051ff2dc15fd357f195e0fad467ebdc1e16210ba82
[08-Dec-19 16:12:50] DEBUG in hooks: Event request-created.s3.PutObject: calling handler <function signal_transferring at 0x7f14c2827730>
[08-Dec-19 16:12:50] DEBUG in endpoint: Sending http request: <AWSPreparedRequest stream_output=False, method=PUT, url=https://cmpe226-ats2.s3.amazonaws.com/HW5_Q3.docx, headers={'x-amz-acl': b'public-read', 'User-Agent': b'Boto3/1.10.28 Python/3.7.3 Linux/5.0.0-37-generic Botocore/1.13.28', 'Content-MD5': b'r8V1eycd3cuOmU0q8QCRyg==', 'Expect': b'100-continue', 'X-Amz-Date': b'20191209T001250Z', 'X-Amz-Content-SHA256': b'UNSIGNED-PAYLOAD', 'Authorization': b'AWS4-HMAC-SHA256 Credential=***REMOVED***/20191209/us-east-1/s3/aws4_request, SignedHeaders=content-md5;host;x-amz-acl;x-amz-content-sha256;x-amz-date, Signature=75eeba23eff08163314170051ff2dc15fd357f195e0fad467ebdc1e16210ba82', 'Content-Length': '17220'}>
[08-Dec-19 16:12:50] DEBUG in connectionpool: Starting new HTTPS connection (1): cmpe226-ats2.s3.amazonaws.com:443
[08-Dec-19 16:12:50] DEBUG in awsrequest: Waiting for 100 Continue response.
[08-Dec-19 16:12:50] DEBUG in awsrequest: Received a non 100 Continue response from the server, NOT sending request body.
[08-Dec-19 16:12:50] DEBUG in connectionpool: https://cmpe226-ats2.s3.amazonaws.com:443 "PUT /HW5_Q3.docx HTTP/1.1" 400 None
[08-Dec-19 16:12:50] DEBUG in parsers: Response headers: {'x-amz-request-id': '5A1D5ECB9C6C4093', 'x-amz-id-2': 'lURixI3IBaB3zBtz2nr72WrLewzbM7zDvJZKiVOnhFAQwMx8iY6HJ1i2tCPIJEdRtMQaIEPE8NM=', 'Content-Type': 'application/xml', 'Transfer-Encoding': 'chunked', 'Date': 'Mon, 09 Dec 2019 00:12:50 GMT', 'Connection': 'close', 'Server': 'AmazonS3'}
[08-Dec-19 16:12:50] DEBUG in parsers: Response body:
b'<?xml version="1.0" encoding="UTF-8"?>\n<Error><Code>AuthorizationHeaderMalformed</Code><Message>The authorization header is malformed; the region \'us-east-1\' is wrong; expecting \'us-west-1\'</Message><Region>us-west-1</Region><RequestId>5A1D5ECB9C6C4093</RequestId><HostId>lURixI3IBaB3zBtz2nr72WrLewzbM7zDvJZKiVOnhFAQwMx8iY6HJ1i2tCPIJEdRtMQaIEPE8NM=</HostId></Error>'
[08-Dec-19 16:12:50] DEBUG in hooks: Event needs-retry.s3.PutObject: calling handler <botocore.retryhandler.RetryHandler object at 0x7f14c27f8cc0>
[08-Dec-19 16:12:50] DEBUG in retryhandler: No retry needed.
[08-Dec-19 16:12:50] DEBUG in hooks: Event needs-retry.s3.PutObject: calling handler <bound method S3RegionRedirector.redirect_from_error of <botocore.utils.S3RegionRedirector object at 0x7f14c27f8dd8>>
[08-Dec-19 16:12:50] DEBUG in utils: S3 client configured for region us-east-1 but the bucket cmpe226-ats2 is in region us-west-1; Please configure the proper region to avoid multiple unnecessary redirects and signing attempts.
[08-Dec-19 16:12:50] DEBUG in utils: Updating URI from https://s3.amazonaws.com/cmpe226-ats2/HW5_Q3.docx to https://s3.us-west-1.amazonaws.com/cmpe226-ats2/HW5_Q3.docx
[08-Dec-19 16:12:50] DEBUG in endpoint: Response received to retry, sleeping for 0 seconds
[08-Dec-19 16:12:50] DEBUG in awsrequest: Rewinding stream: <s3transfer.utils.ReadFileChunk object at 0x7f14c2663dd8>
[08-Dec-19 16:12:50] DEBUG in hooks: Event request-created.s3.PutObject: calling handler <function signal_not_transferring at 0x7f14c28276a8>
[08-Dec-19 16:12:50] DEBUG in hooks: Event request-created.s3.PutObject: calling handler <bound method RequestSigner.handler of <botocore.signers.RequestSigner object at 0x7f14c289c6d8>>
[08-Dec-19 16:12:50] DEBUG in hooks: Event choose-signer.s3.PutObject: calling handler <bound method ClientCreator._default_s3_presign_to_sigv2 of <botocore.client.ClientCreator object at 0x7f14c293c518>>
[08-Dec-19 16:12:50] DEBUG in hooks: Event choose-signer.s3.PutObject: calling handler <function set_operation_specific_signer at 0x7f14c3d5a510>
[08-Dec-19 16:12:50] DEBUG in hooks: Event before-sign.s3.PutObject: calling handler <function fix_s3_host at 0x7f14c3e7f620>
[08-Dec-19 16:12:50] DEBUG in utils: Checking for DNS compatible bucket for: https://s3.us-west-1.amazonaws.com/cmpe226-ats2/HW5_Q3.docx
[08-Dec-19 16:12:50] DEBUG in utils: URI updated to: https://cmpe226-ats2.s3.us-west-1.amazonaws.com/HW5_Q3.docx
[08-Dec-19 16:12:50] DEBUG in auth: Calculating signature using v4 auth.
[08-Dec-19 16:12:50] DEBUG in auth: CanonicalRequest:
PUT
/HW5_Q3.docx

content-md5:r8V1eycd3cuOmU0q8QCRyg==
host:cmpe226-ats2.s3.us-west-1.amazonaws.com
x-amz-acl:public-read
x-amz-content-sha256:UNSIGNED-PAYLOAD
x-amz-date:20191209T001250Z

content-md5;host;x-amz-acl;x-amz-content-sha256;x-amz-date
UNSIGNED-PAYLOAD
[08-Dec-19 16:12:50] DEBUG in auth: StringToSign:
AWS4-HMAC-SHA256
20191209T001250Z
20191209/us-west-1/s3/aws4_request
c46f7747ada3780a0cfed75024ea5fa82ecbab4bb01697ed81ea18e1451f165d
[08-Dec-19 16:12:50] DEBUG in auth: Signature:
929f8d9351cfd866c50ca32523fa2530edb143e195e0036dd35113306f1dba36
[08-Dec-19 16:12:50] DEBUG in hooks: Event request-created.s3.PutObject: calling handler <function signal_transferring at 0x7f14c2827730>
[08-Dec-19 16:12:50] DEBUG in endpoint: Sending http request: <AWSPreparedRequest stream_output=False, method=PUT, url=https://cmpe226-ats2.s3.us-west-1.amazonaws.com/HW5_Q3.docx, headers={'x-amz-acl': b'public-read', 'User-Agent': b'Boto3/1.10.28 Python/3.7.3 Linux/5.0.0-37-generic Botocore/1.13.28', 'Content-MD5': b'r8V1eycd3cuOmU0q8QCRyg==', 'Expect': b'100-continue', 'X-Amz-Date': b'20191209T001250Z', 'X-Amz-Content-SHA256': b'UNSIGNED-PAYLOAD', 'Authorization': b'AWS4-HMAC-SHA256 Credential=***REMOVED***/20191209/us-west-1/s3/aws4_request, SignedHeaders=content-md5;host;x-amz-acl;x-amz-content-sha256;x-amz-date, Signature=929f8d9351cfd866c50ca32523fa2530edb143e195e0036dd35113306f1dba36', 'Content-Length': '17220'}>
[08-Dec-19 16:12:50] DEBUG in connectionpool: Starting new HTTPS connection (1): cmpe226-ats2.s3.us-west-1.amazonaws.com:443
[08-Dec-19 16:12:50] DEBUG in awsrequest: Waiting for 100 Continue response.
[08-Dec-19 16:12:50] DEBUG in awsrequest: 100 Continue response seen, now sending request body.
[08-Dec-19 16:12:50] DEBUG in connectionpool: https://cmpe226-ats2.s3.us-west-1.amazonaws.com:443 "PUT /HW5_Q3.docx HTTP/1.1" 200 0
[08-Dec-19 16:12:50] DEBUG in parsers: Response headers: {'x-amz-id-2': 'ZcTqiROD8b5vc2PYbt0sAukAAW4KF3TNAsDKR4GyZn5/W/YIxPtpImKiyQ+Wab31pAXY/nhUwjs=', 'x-amz-request-id': 'C47111DB3A435173', 'Date': 'Mon, 09 Dec 2019 00:12:51 GMT', 'x-amz-version-id': 'aH7pWFwiENrzVU1qBO4JMIyEE293qHd7', 'ETag': '"afc5757b271dddcb8e994d2af10091ca"', 'Content-Length': '0', 'Server': 'AmazonS3'}
[08-Dec-19 16:12:50] DEBUG in parsers: Response body:
b''
[08-Dec-19 16:12:50] DEBUG in hooks: Event needs-retry.s3.PutObject: calling handler <botocore.retryhandler.RetryHandler object at 0x7f14c27f8cc0>
[08-Dec-19 16:12:50] DEBUG in retryhandler: No retry needed.
[08-Dec-19 16:12:50] DEBUG in hooks: Event needs-retry.s3.PutObject: calling handler <bound method S3RegionRedirector.redirect_from_error of <botocore.utils.S3RegionRedirector object at 0x7f14c27f8dd8>>
[08-Dec-19 16:12:50] DEBUG in utils: S3 request was previously redirected, not redirecting.
[08-Dec-19 16:12:50] DEBUG in utils: Releasing acquire 0/None
[08-Dec-19 16:12:50] INFO in _internal: 127.0.0.1 - - [08/Dec/2019 16:12:50] "POST /register HTTP/1.1" 302 -
[08-Dec-19 16:12:50] INFO in _internal: 127.0.0.1 - - [08/Dec/2019 16:12:50] "GET /login HTTP/1.1" 200 -
[08-Dec-19 16:12:53] DEBUG in views: Applicant app1 Logged In
[08-Dec-19 16:12:53] INFO in _internal: 127.0.0.1 - - [08/Dec/2019 16:12:53] "POST /login HTTP/1.1" 302 -
[08-Dec-19 16:12:53] INFO in _internal: 127.0.0.1 - - [08/Dec/2019 16:12:53] "GET /applicant-view HTTP/1.1" 200 -
[08-Dec-19 16:12:58] INFO in _internal: 127.0.0.1 - - [08/Dec/2019 16:12:58] "POST /applicant-view HTTP/1.1" 302 -
[08-Dec-19 16:12:58] INFO in _internal: 127.0.0.1 - - [08/Dec/2019 16:12:58] "GET /applicant-view HTTP/1.1" 200 -
[08-Dec-19 16:12:59] INFO in _internal: 127.0.0.1 - - [08/Dec/2019 16:12:59] "POST /applicant-view HTTP/1.1" 302 -
[08-Dec-19 16:12:59] INFO in _internal: 127.0.0.1 - - [08/Dec/2019 16:12:59] "GET /applicant-view HTTP/1.1" 200 -
[08-Dec-19 16:13:01] INFO in _internal: 127.0.0.1 - - [08/Dec/2019 16:13:01] "POST /applicant-view HTTP/1.1" 302 -
[08-Dec-19 16:13:01] INFO in _internal: 127.0.0.1 - - [08/Dec/2019 16:13:01] "GET /applicant-view HTTP/1.1" 200 -
[08-Dec-19 16:13:02] INFO in _internal: 127.0.0.1 - - [08/Dec/2019 16:13:02] "GET /logout HTTP/1.1" 302 -
[08-Dec-19 16:13:02] INFO in _internal: 127.0.0.1 - - [08/Dec/2019 16:13:02] "GET /login HTTP/1.1" 200 -
[08-Dec-19 16:13:04] INFO in _internal: 127.0.0.1 - - [08/Dec/2019 16:13:04] "GET /staff-login HTTP/1.1" 200 -
[08-Dec-19 16:13:07] DEBUG in views: Recruiter User Logged In
[08-Dec-19 16:13:07] INFO in _internal: 127.0.0.1 - - [08/Dec/2019 16:13:07] "POST /staff-login HTTP/1.1" 302 -
[08-Dec-19 16:13:07] INFO in _internal: 127.0.0.1 - - [08/Dec/2019 16:13:07] "GET /staff-jobs-view-create HTTP/1.1" 200 -
[08-Dec-19 16:13:11] INFO in _internal: 127.0.0.1 - - [08/Dec/2019 16:13:11] "GET /logout HTTP/1.1" 302 -
[08-Dec-19 16:13:11] INFO in _internal: 127.0.0.1 - - [08/Dec/2019 16:13:11] "GET /login HTTP/1.1" 200 -
[08-Dec-19 16:13:12] INFO in _internal: 127.0.0.1 - - [08/Dec/2019 16:13:12] "GET /staff-login HTTP/1.1" 200 -
[08-Dec-19 16:13:17] DEBUG in views: Hiring Manager 1 User Logged In
[08-Dec-19 16:13:17] INFO in _internal: 127.0.0.1 - - [08/Dec/2019 16:13:17] "POST /staff-login HTTP/1.1" 302 -
[08-Dec-19 16:13:17] INFO in _internal: 127.0.0.1 - - [08/Dec/2019 16:13:17] "GET /staff-jobs-view-create HTTP/1.1" 200 -
[08-Dec-19 16:13:34] INFO in _internal: 127.0.0.1 - - [08/Dec/2019 16:13:34] "GET /logout HTTP/1.1" 302 -
[08-Dec-19 16:13:34] INFO in _internal: 127.0.0.1 - - [08/Dec/2019 16:13:34] "GET /login HTTP/1.1" 200 -
[08-Dec-19 16:13:35] INFO in _internal: 127.0.0.1 - - [08/Dec/2019 16:13:35] "GET /staff-login HTTP/1.1" 200 -
[08-Dec-19 16:13:45] DEBUG in views: Hiring Manager 2 User Logged In
[08-Dec-19 16:13:45] INFO in _internal: 127.0.0.1 - - [08/Dec/2019 16:13:45] "POST /staff-login HTTP/1.1" 302 -
[08-Dec-19 16:13:45] INFO in _internal: 127.0.0.1 - - [08/Dec/2019 16:13:45] "GET /staff-jobs-view-create HTTP/1.1" 200 -
[08-Dec-19 16:21:32] INFO in _internal:  * Detected change in '/media/farhaan/New Volume/Masters/CMPE226_TEAM1_SOURCES/DB-Application directory/project/staff/views.py', reloading
[08-Dec-19 16:21:32] INFO in _internal:  * Restarting with stat
[08-Dec-19 16:21:32] WARNING in _internal:  * Debugger is active!
[08-Dec-19 16:21:32] INFO in _internal:  * Debugger PIN: 242-514-371
